0 verbose cli C:\Program Files\nodejs\node.exe C:\Users\admin\AppData\Roaming\npm\node_modules\npm\bin\npm-cli.js
1 info using npm@11.11.0
2 info using node@v22.19.0
3 silly config load:file:C:\Users\admin\AppData\Roaming\npm\node_modules\npm\npmrc
4 silly config load:file:D:\20260304\frontend\.npmrc
5 silly config load:file:C:\Users\admin\.npmrc
6 silly config load:file:C:\Users\admin\AppData\Roaming\npm\etc\npmrc
7 verbose title npm install
8 verbose argv "install" "--ignore-scripts"
9 verbose logfile logs-max:10 dir:D:\20260304\.npm-cache\_logs\2026-03-24T09_28_00_356Z-
10 verbose logfile D:\20260304\.npm-cache\_logs\2026-03-24T09_28_00_356Z-debug-0.log
11 silly logfile done cleaning log files
12 silly packumentCache heap:4345298944 maxSize:1086324736 maxEntrySize:543162368
13 silly idealTree buildDeps
14 silly fetch manifest axios@^1.11.0
15 silly packumentCache full:https://registry.npmjs.org/axios cache-miss
16 http fetch GET 200 https://registry.npmjs.org/axios 114ms (cache revalidated)
17 silly packumentCache full:https://registry.npmjs.org/axios set size:770295 disposed:false
18 silly fetch manifest react@^18.3.1
19 silly packumentCache full:https://registry.npmjs.org/react cache-miss
20 http fetch GET 200 https://registry.npmjs.org/react 39ms (cache revalidated)
21 silly packumentCache full:https://registry.npmjs.org/react set size:6557385 disposed:false
22 silly fetch manifest react-dom@^18.3.1
23 silly packumentCache full:https://registry.npmjs.org/react-dom cache-miss
24 http fetch GET 200 https://registry.npmjs.org/react-dom 42ms (cache revalidated)
25 silly packumentCache full:https://registry.npmjs.org/react-dom set size:8708788 disposed:false
26 silly fetch manifest react-router-dom@^6.28.0
27 silly packumentCache full:https://registry.npmjs.org/react-router-dom cache-miss
28 http fetch GET 200 https://registry.npmjs.org/react-router-dom 35ms (cache revalidated)
29 silly packumentCache full:https://registry.npmjs.org/react-router-dom set size:2810403 disposed:false
30 silly fetch manifest @vitejs/plugin-react@^4.3.1
31 silly packumentCache full:https://registry.npmjs.org/@vitejs%2fplugin-react cache-miss
32 http fetch GET 200 https://registry.npmjs.org/@vitejs%2fplugin-react 38ms (cache revalidated)
33 silly packumentCache full:https://registry.npmjs.org/@vitejs%2fplugin-react set size:264287 disposed:false
34 silly fetch manifest vite@^5.4.3
35 silly packumentCache full:https://registry.npmjs.org/vite cache-miss
36 http fetch GET 200 https://registry.npmjs.org/vite 86ms (cache revalidated)
37 silly packumentCache full:https://registry.npmjs.org/vite set size:38762548 disposed:false
38 silly fetch manifest @types/node@^18.0.0 || >=20.0.0
39 silly packumentCache full:https://registry.npmjs.org/@types%2fnode cache-miss
40 http fetch GET 200 https://registry.npmjs.org/@types%2fnode 53ms (cache revalidated)
41 silly packumentCache full:https://registry.npmjs.org/@types%2fnode set size:10939971 disposed:false
42 silly fetch manifest less@*
43 silly packumentCache full:https://registry.npmjs.org/less cache-miss
44 http fetch GET 200 https://registry.npmjs.org/less 34ms (cache revalidated)
45 silly packumentCache full:https://registry.npmjs.org/less set size:461684 disposed:false
46 silly fetch manifest lightningcss@^1.21.0
47 silly packumentCache full:https://registry.npmjs.org/lightningcss cache-miss
48 http fetch GET 200 https://registry.npmjs.org/lightningcss 28ms (cache revalidated)
49 silly packumentCache full:https://registry.npmjs.org/lightningcss set size:186753 disposed:false
50 silly fetch manifest sass@*
51 silly packumentCache full:https://registry.npmjs.org/sass cache-miss
52 http fetch GET 200 https://registry.npmjs.org/sass 28ms (cache revalidated)
53 silly packumentCache full:https://registry.npmjs.org/sass set size:724154 disposed:false
54 silly fetch manifest sass-embedded@*
55 silly packumentCache full:https://registry.npmjs.org/sass-embedded cache-miss
56 http fetch GET 200 https://registry.npmjs.org/sass-embedded 29ms (cache revalidated)
57 silly packumentCache full:https://registry.npmjs.org/sass-embedded set size:411496 disposed:false
58 silly fetch manifest stylus@*
59 silly packumentCache full:https://registry.npmjs.org/stylus cache-miss
60 http fetch GET 200 https://registry.npmjs.org/stylus 48ms (cache revalidated)
61 silly packumentCache full:https://registry.npmjs.org/stylus set size:286766 disposed:false
62 silly fetch manifest sugarss@*
63 silly packumentCache full:https://registry.npmjs.org/sugarss cache-miss
64 http fetch GET 200 https://registry.npmjs.org/sugarss 24ms (cache revalidated)
65 silly packumentCache full:https://registry.npmjs.org/sugarss set size:44975 disposed:false
66 silly fetch manifest postcss@^8.3.3
67 silly packumentCache full:https://registry.npmjs.org/postcss cache-miss
68 http fetch GET 200 https://registry.npmjs.org/postcss 27ms (cache revalidated)
69 silly packumentCache full:https://registry.npmjs.org/postcss set size:702266 disposed:false
70 silly fetch manifest terser@^5.4.0
71 silly packumentCache full:https://registry.npmjs.org/terser cache-miss
72 http fetch GET 200 https://registry.npmjs.org/terser 40ms (cache revalidated)
73 silly packumentCache full:https://registry.npmjs.org/terser set size:789927 disposed:false
74 silly placeDep ROOT @vitejs/plugin-react@4.7.0 OK for: community-client@0.0.1 want: ^4.3.1
75 silly placeDep ROOT vite@5.4.21 OK for: @vitejs/plugin-react@4.7.0 want: ^4.2.0 || ^5.0.0 || ^6.0.0 || ^7.0.0
76 silly placeDep ROOT axios@1.13.6 OK for: community-client@0.0.1 want: ^1.11.0
77 silly placeDep ROOT react@18.3.1 OK for: community-client@0.0.1 want: ^18.3.1
78 silly placeDep ROOT react-dom@18.3.1 OK for: community-client@0.0.1 want: ^18.3.1
79 silly placeDep ROOT react-router-dom@6.30.3 OK for: community-client@0.0.1 want: ^6.28.0
80 silly fetch manifest @babel/core@^7.28.0
81 silly packumentCache full:https://registry.npmjs.org/@babel%2fcore cache-miss
82 silly fetch manifest react-refresh@^0.17.0
83 silly packumentCache full:https://registry.npmjs.org/react-refresh cache-miss
84 silly fetch manifest @types/babel__core@^7.20.5
85 silly packumentCache full:https://registry.npmjs.org/@types%2fbabel__core cache-miss
86 silly fetch manifest @rolldown/pluginutils@1.0.0-beta.27
87 silly packumentCache full:https://registry.npmjs.org/@rolldown%2fpluginutils cache-miss
88 silly fetch manifest @babel/plugin-transform-react-jsx-self@^7.27.1
89 silly packumentCache full:https://registry.npmjs.org/@babel%2fplugin-transform-react-jsx-self cache-miss
90 silly fetch manifest @babel/plugin-transform-react-jsx-source@^7.27.1
91 silly packumentCache full:https://registry.npmjs.org/@babel%2fplugin-transform-react-jsx-source cache-miss
92 silly fetch manifest rollup@^4.20.0
93 silly packumentCache full:https://registry.npmjs.org/rollup cache-miss
94 silly fetch manifest esbuild@^0.21.3
95 silly packumentCache full:https://registry.npmjs.org/esbuild cache-miss
96 silly fetch manifest postcss@^8.4.43
97 silly packumentCache full:https://registry.npmjs.org/postcss cache-hit
98 silly fetch manifest fsevents@~2.3.3
99 silly packumentCache full:https://registry.npmjs.org/fsevents cache-miss
100 silly fetch manifest follow-redirects@^1.15.11
101 silly packumentCache full:https://registry.npmjs.org/follow-redirects cache-miss
102 silly fetch manifest form-data@^4.0.5
103 silly packumentCache full:https://registry.npmjs.org/form-data cache-miss
104 http fetch GET 200 https://registry.npmjs.org/@babel%2fcore 102ms (cache revalidated)
105 silly packumentCache full:https://registry.npmjs.org/@babel%2fcore set size:760113 disposed:false
106 silly fetch manifest proxy-from-env@^1.1.0
107 silly packumentCache full:https://registry.npmjs.org/proxy-from-env cache-miss
108 http fetch GET 200 https://registry.npmjs.org/@babel%2fplugin-transform-react-jsx-source 110ms (cache revalidated)
109 silly packumentCache full:https://registry.npmjs.org/@babel%2fplugin-transform-react-jsx-source set size:203114 disposed:false
110 silly fetch manifest loose-envify@^1.1.0
111 silly packumentCache full:https://registry.npmjs.org/loose-envify cache-miss
112 http fetch GET 200 https://registry.npmjs.org/@rolldown%2fpluginutils 116ms (cache revalidated)
113 silly packumentCache full:https://registry.npmjs.org/@rolldown%2fpluginutils set size:274427 disposed:false
114 silly fetch manifest scheduler@^0.23.2
115 silly packumentCache full:https://registry.npmjs.org/scheduler cache-miss
116 http fetch GET 200 https://registry.npmjs.org/react-refresh 131ms (cache revalidated)
117 silly packumentCache full:https://registry.npmjs.org/react-refresh set size:6253692 disposed:false
118 silly fetch manifest loose-envify@^1.1.0
119 silly packumentCache full:https://registry.npmjs.org/loose-envify cache-miss
120 http fetch GET 200 https://registry.npmjs.org/@babel%2fplugin-transform-react-jsx-self 198ms (cache revalidated)
121 silly packumentCache full:https://registry.npmjs.org/@babel%2fplugin-transform-react-jsx-self set size:198119 disposed:false
122 silly fetch manifest react-router@6.30.3
123 silly packumentCache full:https://registry.npmjs.org/react-router cache-miss
124 http fetch GET 200 https://registry.npmjs.org/fsevents 199ms (cache revalidated)
125 silly packumentCache full:https://registry.npmjs.org/fsevents set size:182472 disposed:false
126 silly fetch manifest @remix-run/router@1.23.2
127 silly packumentCache full:https://registry.npmjs.org/@remix-run%2frouter cache-miss
128 http fetch GET 200 https://registry.npmjs.org/follow-redirects 203ms (cache revalidated)
129 silly packumentCache full:https://registry.npmjs.org/follow-redirects set size:186700 disposed:false
130 http fetch GET 200 https://registry.npmjs.org/form-data 204ms (cache revalidated)
131 silly packumentCache full:https://registry.npmjs.org/form-data set size:153646 disposed:false
132 http fetch GET 200 https://registry.npmjs.org/@types%2fbabel__core 211ms (cache revalidated)
133 silly packumentCache full:https://registry.npmjs.org/@types%2fbabel__core set size:88676 disposed:false
134 http fetch GET 200 https://registry.npmjs.org/esbuild 212ms (cache revalidated)
135 silly packumentCache full:https://registry.npmjs.org/esbuild set size:1244751 disposed:false
136 http fetch GET 200 https://registry.npmjs.org/rollup 226ms (cache revalidated)
137 silly packumentCache full:https://registry.npmjs.org/rollup set size:6146122 disposed:false
138 http fetch GET 200 https://registry.npmjs.org/proxy-from-env 173ms (cache revalidated)
139 silly packumentCache full:https://registry.npmjs.org/proxy-from-env set size:21422 disposed:false
140 http fetch GET 200 https://registry.npmjs.org/loose-envify 205ms (cache revalidated)
141 silly packumentCache full:https://registry.npmjs.org/loose-envify set size:12559 disposed:false
142 http fetch GET 200 https://registry.npmjs.org/loose-envify 136ms (cache revalidated)
143 silly packumentCache full:https://registry.npmjs.org/loose-envify set size:12559 disposed:false
144 silly packumentCache full:https://registry.npmjs.org/loose-envify dispose
145 http fetch GET 200 https://registry.npmjs.org/scheduler 208ms (cache revalidated)
146 silly packumentCache full:https://registry.npmjs.org/scheduler set size:5441265 disposed:false
147 http fetch GET 200 https://registry.npmjs.org/react-router 166ms (cache revalidated)
148 silly packumentCache full:https://registry.npmjs.org/react-router set size:3889887 disposed:false
149 http fetch GET 200 https://registry.npmjs.org/@remix-run%2frouter 778ms (cache revalidated)
150 silly packumentCache full:https://registry.npmjs.org/@remix-run%2frouter set size:502004 disposed:false
151 silly placeDep ROOT @babel/core@7.29.0 OK for: @vitejs/plugin-react@4.7.0 want: ^7.28.0
152 silly placeDep ROOT @babel/plugin-transform-react-jsx-self@7.27.1 OK for: @vitejs/plugin-react@4.7.0 want: ^7.27.1
153 silly placeDep ROOT @babel/plugin-transform-react-jsx-source@7.27.1 OK for: @vitejs/plugin-react@4.7.0 want: ^7.27.1
154 silly placeDep ROOT @rolldown/pluginutils@1.0.0-beta.27 OK for: @vitejs/plugin-react@4.7.0 want: 1.0.0-beta.27
155 silly placeDep ROOT @types/babel__core@7.20.5 OK for: @vitejs/plugin-react@4.7.0 want: ^7.20.5
156 silly placeDep ROOT react-refresh@0.17.0 OK for: @vitejs/plugin-react@4.7.0 want: ^0.17.0
157 silly fetch manifest debug@^4.1.0
158 silly packumentCache full:https://registry.npmjs.org/debug cache-miss
159 silly fetch manifest json5@^2.2.3
160 silly packumentCache full:https://registry.npmjs.org/json5 cache-miss
161 silly fetch manifest semver@^6.3.1
162 silly packumentCache full:https://registry.npmjs.org/semver cache-miss
163 silly fetch manifest gensync@^1.0.0-beta.2
164 silly packumentCache full:https://registry.npmjs.org/gensync cache-miss
165 silly fetch manifest @babel/types@^7.29.0
166 silly packumentCache full:https://registry.npmjs.org/@babel%2ftypes cache-miss
167 silly fetch manifest @babel/parser@^7.29.0
168 silly packumentCache full:https://registry.npmjs.org/@babel%2fparser cache-miss
169 silly fetch manifest @babel/helpers@^7.28.6
170 silly packumentCache full:https://registry.npmjs.org/@babel%2fhelpers cache-miss
171 silly fetch manifest @babel/template@^7.28.6
172 silly packumentCache full:https://registry.npmjs.org/@babel%2ftemplate cache-miss
173 silly fetch manifest @babel/traverse@^7.29.0
174 silly packumentCache full:https://registry.npmjs.org/@babel%2ftraverse cache-miss
175 silly fetch manifest @babel/generator@^7.29.0
176 silly packumentCache full:https://registry.npmjs.org/@babel%2fgenerator cache-miss
177 silly fetch manifest @babel/code-frame@^7.29.0
178 silly packumentCache full:https://registry.npmjs.org/@babel%2fcode-frame cache-miss
179 http fetch GET 200 https://registry.npmjs.org/gensync 41ms (cache revalidated)
180 silly packumentCache full:https://registry.npmjs.org/gensync set size:15068 disposed:false
181 silly fetch manifest convert-source-map@^2.0.0
182 silly packumentCache full:https://registry.npmjs.org/convert-source-map cache-miss
183 http fetch GET 200 https://registry.npmjs.org/json5 45ms (cache revalidated)
184 silly packumentCache full:https://registry.npmjs.org/json5 set size:86136 disposed:false
185 silly fetch manifest @jridgewell/remapping@^2.3.5
186 silly packumentCache full:https://registry.npmjs.org/@jridgewell%2fremapping cache-miss
187 http fetch GET 200 https://registry.npmjs.org/debug 52ms (cache revalidated)
188 silly packumentCache full:https://registry.npmjs.org/debug set size:195840 disposed:false
189 silly fetch manifest @babel/helper-module-transforms@^7.28.6
190 silly packumentCache full:https://registry.npmjs.org/@babel%2fhelper-module-transforms cache-miss
191 http fetch GET 200 https://registry.npmjs.org/@babel%2ftypes 56ms (cache revalidated)
192 silly packumentCache full:https://registry.npmjs.org/@babel%2ftypes set size:487885 disposed:false
193 silly fetch manifest @babel/helper-compilation-targets@^7.28.6
194 silly packumentCache full:https://registry.npmjs.org/@babel%2fhelper-compilation-targets cache-miss
195 http fetch GET 200 https://registry.npmjs.org/@babel%2ftraverse 62ms (cache revalidated)
196 silly packumentCache full:https://registry.npmjs.org/@babel%2ftraverse set size:548722 disposed:false
197 silly fetch manifest @babel/helper-plugin-utils@^7.27.1
198 silly packumentCache full:https://registry.npmjs.org/@babel%2fhelper-plugin-utils cache-miss
199 http fetch GET 200 https://registry.npmjs.org/@babel%2fcode-frame 66ms (cache revalidated)
200 silly packumentCache full:https://registry.npmjs.org/@babel%2fcode-frame set size:196196 disposed:false
201 silly fetch manifest @babel/helper-plugin-utils@^7.27.1
202 silly packumentCache full:https://registry.npmjs.org/@babel%2fhelper-plugin-utils cache-miss
203 http fetch GET 200 https://registry.npmjs.org/@babel%2fgenerator 70ms (cache revalidated)
204 silly packumentCache full:https://registry.npmjs.org/@babel%2fgenerator set size:507107 disposed:false
205 silly fetch manifest @babel/types@^7.20.7
206 silly packumentCache full:https://registry.npmjs.org/@babel%2ftypes cache-hit
207 silly fetch manifest @babel/parser@^7.20.7
208 silly packumentCache full:https://registry.npmjs.org/@babel%2fparser cache-miss
209 http fetch GET 200 https://registry.npmjs.org/semver 77ms (cache revalidated)
210 silly packumentCache full:https://registry.npmjs.org/semver set size:229620 disposed:false
211 silly fetch manifest @types/babel__template@*
212 silly packumentCache full:https://registry.npmjs.org/@types%2fbabel__template cache-miss
213 http fetch GET 200 https://registry.npmjs.org/@babel%2ftemplate 79ms (cache revalidated)
214 silly packumentCache full:https://registry.npmjs.org/@babel%2ftemplate set size:227169 disposed:false
215 silly fetch manifest @types/babel__traverse@*
216 silly packumentCache full:https://registry.npmjs.org/@types%2fbabel__traverse cache-miss
217 http fetch GET 200 https://registry.npmjs.org/@babel%2fhelpers 83ms (cache revalidated)
218 silly packumentCache full:https://registry.npmjs.org/@babel%2fhelpers set size:388224 disposed:false
219 silly fetch manifest @types/babel__generator@*
220 silly packumentCache full:https://registry.npmjs.org/@types%2fbabel__generator cache-miss
221 http fetch GET 200 https://registry.npmjs.org/@babel%2fparser 91ms (cache revalidated)
222 silly packumentCache full:https://registry.npmjs.org/@babel%2fparser set size:718758 disposed:false
223 http fetch GET 200 https://registry.npmjs.org/convert-source-map 57ms (cache revalidated)
224 silly packumentCache full:https://registry.npmjs.org/convert-source-map set size:66997 disposed:false
225 http fetch GET 200 https://registry.npmjs.org/@jridgewell%2fremapping 56ms (cache revalidated)
226 silly packumentCache full:https://registry.npmjs.org/@jridgewell%2fremapping set size:23809 disposed:false
227 http fetch GET 200 https://registry.npmjs.org/@babel%2fhelper-compilation-targets 74ms (cache revalidated)
228 silly packumentCache full:https://registry.npmjs.org/@babel%2fhelper-compilation-targets set size:218757 disposed:false
229 http fetch GET 200 https://registry.npmjs.org/@babel%2fhelper-plugin-utils 77ms (cache revalidated)
230 silly packumentCache full:https://registry.npmjs.org/@babel%2fhelper-plugin-utils set size:163951 disposed:false
231 http fetch GET 200 https://registry.npmjs.org/@types%2fbabel__traverse 67ms (cache revalidated)
232 silly packumentCache full:https://registry.npmjs.org/@types%2fbabel__traverse set size:107819 disposed:false
233 http fetch GET 200 https://registry.npmjs.org/@babel%2fhelper-plugin-utils 84ms (cache revalidated)
234 silly packumentCache full:https://registry.npmjs.org/@babel%2fhelper-plugin-utils set size:163951 disposed:false
235 silly packumentCache full:https://registry.npmjs.org/@babel%2fhelper-plugin-utils dispose
236 http fetch GET 200 https://registry.npmjs.org/@types%2fbabel__template 84ms (cache revalidated)
237 silly packumentCache full:https://registry.npmjs.org/@types%2fbabel__template set size:22631 disposed:false
238 http fetch GET 200 https://registry.npmjs.org/@babel%2fparser 90ms (cache revalidated)
239 silly packumentCache full:https://registry.npmjs.org/@babel%2fparser set size:718758 disposed:false
240 silly packumentCache full:https://registry.npmjs.org/@babel%2fparser dispose
241 http fetch GET 200 https://registry.npmjs.org/@types%2fbabel__generator 86ms (cache revalidated)
242 silly packumentCache full:https://registry.npmjs.org/@types%2fbabel__generator set size:31587 disposed:false
243 http fetch GET 200 https://registry.npmjs.org/@babel%2fhelper-module-transforms 230ms (cache revalidated)
244 silly packumentCache full:https://registry.npmjs.org/@babel%2fhelper-module-transforms set size:333553 disposed:false
245 silly fetch manifest @babel/core@^7.0.0
246 silly packumentCache full:https://registry.npmjs.org/@babel%2fcore cache-hit
247 silly placeDep ROOT @babel/code-frame@7.29.0 OK for: @babel/core@7.29.0 want: ^7.29.0
248 silly placeDep ROOT @babel/generator@7.29.1 OK for: @babel/core@7.29.0 want: ^7.29.0
249 silly placeDep ROOT @babel/helper-compilation-targets@7.28.6 OK for: @babel/core@7.29.0 want: ^7.28.6
250 silly placeDep ROOT @babel/helper-module-transforms@7.28.6 OK for: @babel/core@7.29.0 want: ^7.28.6
251 silly placeDep ROOT @babel/helpers@7.29.2 OK for: @babel/core@7.29.0 want: ^7.28.6
252 silly placeDep ROOT @babel/parser@7.29.2 OK for: @babel/core@7.29.0 want: ^7.29.0
253 silly placeDep ROOT @babel/template@7.28.6 OK for: @babel/core@7.29.0 want: ^7.28.6
254 silly placeDep ROOT @babel/traverse@7.29.0 OK for: @babel/core@7.29.0 want: ^7.29.0
255 silly placeDep ROOT @babel/types@7.29.0 OK for: @babel/core@7.29.0 want: ^7.29.0
256 silly placeDep ROOT @jridgewell/remapping@2.3.5 OK for: @babel/core@7.29.0 want: ^2.3.5
257 silly placeDep ROOT convert-source-map@2.0.0 OK for: @babel/core@7.29.0 want: ^2.0.0
258 silly placeDep ROOT debug@4.4.3 OK for: @babel/core@7.29.0 want: ^4.1.0
259 silly placeDep ROOT gensync@1.0.0-beta.2 OK for: @babel/core@7.29.0 want: ^1.0.0-beta.2
260 silly placeDep ROOT json5@2.2.3 OK for: @babel/core@7.29.0 want: ^2.2.3
261 silly placeDep ROOT semver@6.3.1 OK for: @babel/core@7.29.0 want: ^6.3.1
262 silly fetch manifest js-tokens@^4.0.0
263 silly packumentCache full:https://registry.npmjs.org/js-tokens cache-miss
264 silly fetch manifest picocolors@^1.1.1
265 silly packumentCache full:https://registry.npmjs.org/picocolors cache-miss
266 silly fetch manifest @babel/helper-validator-identifier@^7.28.5
267 silly packumentCache full:https://registry.npmjs.org/@babel%2fhelper-validator-identifier cache-miss
268 silly fetch manifest jsesc@^3.0.2
269 silly packumentCache full:https://registry.npmjs.org/jsesc cache-miss
270 silly fetch manifest @jridgewell/gen-mapping@^0.3.12
271 silly packumentCache full:https://registry.npmjs.org/@jridgewell%2fgen-mapping cache-miss
272 silly fetch manifest @jridgewell/trace-mapping@^0.3.28
273 silly packumentCache full:https://registry.npmjs.org/@jridgewell%2ftrace-mapping cache-miss
274 silly fetch manifest lru-cache@^5.1.1
275 silly packumentCache full:https://registry.npmjs.org/lru-cache cache-miss
276 silly fetch manifest browserslist@^4.24.0
277 silly packumentCache full:https://registry.npmjs.org/browserslist cache-miss
278 silly fetch manifest @babel/compat-data@^7.28.6
279 silly packumentCache full:https://registry.npmjs.org/@babel%2fcompat-data cache-miss
280 silly fetch manifest @babel/helper-validator-option@^7.27.1
281 silly packumentCache full:https://registry.npmjs.org/@babel%2fhelper-validator-option cache-miss
282 silly fetch manifest @babel/traverse@^7.28.6
283 silly packumentCache full:https://registry.npmjs.org/@babel%2ftraverse cache-hit
284 silly fetch manifest @babel/helper-module-imports@^7.28.6
285 silly packumentCache full:https://registry.npmjs.org/@babel%2fhelper-module-imports cache-miss
286 http fetch GET 200 https://registry.npmjs.org/picocolors 41ms (cache revalidated)
287 silly packumentCache full:https://registry.npmjs.org/picocolors set size:16648 disposed:false
288 silly fetch manifest @babel/helper-validator-identifier@^7.28.5
289 silly packumentCache full:https://registry.npmjs.org/@babel%2fhelper-validator-identifier cache-miss
290 http fetch GET 200 https://registry.npmjs.org/jsesc 45ms (cache revalidated)
291 silly packumentCache full:https://registry.npmjs.org/jsesc set size:61512 disposed:false
292 silly fetch manifest @babel/types@^7.28.6
293 silly packumentCache full:https://registry.npmjs.org/@babel%2ftypes cache-hit
294 silly fetch manifest debug@^4.3.1
295 silly packumentCache full:https://registry.npmjs.org/debug cache-hit
296 silly fetch manifest @babel/helper-globals@^7.28.0
297 silly packumentCache full:https://registry.npmjs.org/@babel%2fhelper-globals cache-miss
298 http fetch GET 200 https://registry.npmjs.org/js-tokens 51ms (cache revalidated)
299 silly packumentCache full:https://registry.npmjs.org/js-tokens set size:41947 disposed:false
300 silly fetch manifest @babel/helper-string-parser@^7.27.1
301 silly packumentCache full:https://registry.npmjs.org/@babel%2fhelper-string-parser cache-miss
302 http fetch GET 200 https://registry.npmjs.org/@babel%2fcompat-data 48ms (cache revalidated)
303 silly packumentCache full:https://registry.npmjs.org/@babel%2fcompat-data set size:305632 disposed:false
304 silly fetch manifest @babel/helper-validator-identifier@^7.28.5
305 silly packumentCache full:https://registry.npmjs.org/@babel%2fhelper-validator-identifier cache-miss
306 http fetch GET 200 https://registry.npmjs.org/@babel%2fhelper-validator-identifier 58ms (cache revalidated)
307 silly packumentCache full:https://registry.npmjs.org/@babel%2fhelper-validator-identifier set size:116299 disposed:false
308 silly fetch manifest @jridgewell/gen-mapping@^0.3.5
309 silly packumentCache full:https://registry.npmjs.org/@jridgewell%2fgen-mapping cache-miss
310 http fetch GET 200 https://registry.npmjs.org/browserslist 58ms (cache revalidated)
311 silly packumentCache full:https://registry.npmjs.org/browserslist set size:502989 disposed:false
312 silly fetch manifest @jridgewell/trace-mapping@^0.3.24
313 silly packumentCache full:https://registry.npmjs.org/@jridgewell%2ftrace-mapping cache-miss
314 http fetch GET 200 https://registry.npmjs.org/lru-cache 65ms (cache revalidated)
315 silly packumentCache full:https://registry.npmjs.org/lru-cache set size:416454 disposed:false
316 silly fetch manifest ms@^2.1.3
317 silly packumentCache full:https://registry.npmjs.org/ms cache-miss
318 http fetch GET 200 https://registry.npmjs.org/@babel%2fhelper-module-imports 64ms (cache revalidated)
319 silly packumentCache full:https://registry.npmjs.org/@babel%2fhelper-module-imports set size:193449 disposed:false
320 http fetch GET 200 https://registry.npmjs.org/@jridgewell%2ftrace-mapping 77ms (cache revalidated)
321 silly packumentCache full:https://registry.npmjs.org/@jridgewell%2ftrace-mapping set size:170909 disposed:false
322 http fetch GET 200 https://registry.npmjs.org/@jridgewell%2fgen-mapping 79ms (cache revalidated)
323 silly packumentCache full:https://registry.npmjs.org/@jridgewell%2fgen-mapping set size:80719 disposed:false
324 http fetch GET 200 https://registry.npmjs.org/@babel%2fhelper-validator-option 75ms (cache revalidated)
325 silly packumentCache full:https://registry.npmjs.org/@babel%2fhelper-validator-option set size:92248 disposed:false
326 http fetch GET 200 https://registry.npmjs.org/@babel%2fhelper-validator-identifier 42ms (cache revalidated)
327 silly packumentCache full:https://registry.npmjs.org/@babel%2fhelper-validator-identifier set size:116299 disposed:false
328 silly packumentCache full:https://registry.npmjs.org/@babel%2fhelper-validator-identifier dispose
329 http cache https://registry.npmjs.org/@babel%2fhelper-validator-identifier 30ms (cache hit)
330 silly packumentCache full:https://registry.npmjs.org/@babel%2fhelper-validator-identifier set size:116299 disposed:true
331 silly packumentCache full:https://registry.npmjs.org/@babel%2fhelper-validator-identifier dispose
332 http fetch GET 200 https://registry.npmjs.org/@babel%2fhelper-globals 85ms (cache revalidated)
333 silly packumentCache full:https://registry.npmjs.org/@babel%2fhelper-globals set size:15475 disposed:false
334 http fetch GET 200 https://registry.npmjs.org/@jridgewell%2ftrace-mapping 70ms (cache revalidated)
335 silly packumentCache full:https://registry.npmjs.org/@jridgewell%2ftrace-mapping set size:170909 disposed:false
336 silly packumentCache full:https://registry.npmjs.org/@jridgewell%2ftrace-mapping dispose
337 http fetch GET 200 https://registry.npmjs.org/@jridgewell%2fgen-mapping 76ms (cache revalidated)
338 silly packumentCache full:https://registry.npmjs.org/@jridgewell%2fgen-mapping set size:80719 disposed:false
339 silly packumentCache full:https://registry.npmjs.org/@jridgewell%2fgen-mapping dispose
340 http fetch GET 200 https://registry.npmjs.org/@babel%2fhelper-string-parser 84ms (cache revalidated)
341 silly packumentCache full:https://registry.npmjs.org/@babel%2fhelper-string-parser set size:82028 disposed:false
342 http fetch GET 200 https://registry.npmjs.org/ms 164ms (cache revalidated)
343 silly packumentCache full:https://registry.npmjs.org/ms set size:92208 disposed:false
344 silly placeDep ROOT @babel/helper-validator-identifier@7.28.5 OK for: @babel/code-frame@7.29.0 want: ^7.28.5
345 silly placeDep ROOT js-tokens@4.0.0 OK for: @babel/code-frame@7.29.0 want: ^4.0.0
346 silly placeDep ROOT picocolors@1.1.1 OK for: @babel/code-frame@7.29.0 want: ^1.1.1
347 silly placeDep ROOT @jridgewell/gen-mapping@0.3.13 OK for: @babel/generator@7.29.1 want: ^0.3.12
348 silly placeDep ROOT @jridgewell/trace-mapping@0.3.31 OK for: @babel/generator@7.29.1 want: ^0.3.28
349 silly placeDep ROOT jsesc@3.1.0 OK for: @babel/generator@7.29.1 want: ^3.0.2
350 silly fetch manifest @jridgewell/sourcemap-codec@^1.5.0
351 silly packumentCache full:https://registry.npmjs.org/@jridgewell%2fsourcemap-codec cache-miss
352 silly fetch manifest @jridgewell/resolve-uri@^3.1.0
353 silly packumentCache full:https://registry.npmjs.org/@jridgewell%2fresolve-uri cache-miss
354 silly fetch manifest @jridgewell/sourcemap-codec@^1.4.14
355 silly packumentCache full:https://registry.npmjs.org/@jridgewell%2fsourcemap-codec cache-miss
356 http fetch GET 200 https://registry.npmjs.org/@jridgewell%2fresolve-uri 42ms (cache revalidated)
357 silly packumentCache full:https://registry.npmjs.org/@jridgewell%2fresolve-uri set size:57361 disposed:false
358 http fetch GET 200 https://registry.npmjs.org/@jridgewell%2fsourcemap-codec 192ms (cache revalidated)
359 silly packumentCache full:https://registry.npmjs.org/@jridgewell%2fsourcemap-codec set size:59275 disposed:false
360 http fetch GET 200 https://registry.npmjs.org/@jridgewell%2fsourcemap-codec 195ms (cache revalidated)
361 silly packumentCache full:https://registry.npmjs.org/@jridgewell%2fsourcemap-codec set size:59275 disposed:false
362 silly packumentCache full:https://registry.npmjs.org/@jridgewell%2fsourcemap-codec dispose
363 silly placeDep ROOT @babel/compat-data@7.29.0 OK for: @babel/helper-compilation-targets@7.28.6 want: ^7.28.6
364 silly placeDep ROOT @babel/helper-validator-option@7.27.1 OK for: @babel/helper-compilation-targets@7.28.6 want: ^7.27.1
365 silly placeDep ROOT browserslist@4.28.1 OK for: @babel/helper-compilation-targets@7.28.6 want: ^4.24.0
366 silly placeDep ROOT lru-cache@5.1.1 OK for: @babel/helper-compilation-targets@7.28.6 want: ^5.1.1
367 silly fetch manifest baseline-browser-mapping@^2.9.0
368 silly packumentCache full:https://registry.npmjs.org/baseline-browser-mapping cache-miss
369 silly fetch manifest caniuse-lite@^1.0.30001759
370 silly packumentCache full:https://registry.npmjs.org/caniuse-lite cache-miss
371 silly fetch manifest electron-to-chromium@^1.5.263
372 silly packumentCache full:https://registry.npmjs.org/electron-to-chromium cache-miss
373 silly fetch manifest node-releases@^2.0.27
374 silly packumentCache full:https://registry.npmjs.org/node-releases cache-miss
375 silly fetch manifest update-browserslist-db@^1.2.0
376 silly packumentCache full:https://registry.npmjs.org/update-browserslist-db cache-miss
377 silly fetch manifest yallist@^3.0.2
378 silly packumentCache full:https://registry.npmjs.org/yallist cache-miss
379 http fetch GET 200 https://registry.npmjs.org/yallist 33ms (cache revalidated)
380 silly packumentCache full:https://registry.npmjs.org/yallist set size:34610 disposed:false
381 http fetch GET 200 https://registry.npmjs.org/caniuse-lite 39ms (cache revalidated)
382 silly packumentCache full:https://registry.npmjs.org/caniuse-lite set size:2272954 disposed:false
383 http fetch GET 200 https://registry.npmjs.org/update-browserslist-db 52ms (cache revalidated)
384 silly packumentCache full:https://registry.npmjs.org/update-browserslist-db set size:62000 disposed:false
385 http fetch GET 200 https://registry.npmjs.org/node-releases 53ms (cache revalidated)
386 silly packumentCache full:https://registry.npmjs.org/node-releases set size:270656 disposed:false
387 http fetch GET 200 https://registry.npmjs.org/baseline-browser-mapping 57ms (cache revalidated)
388 silly packumentCache full:https://registry.npmjs.org/baseline-browser-mapping set size:409317 disposed:false
389 http fetch GET 200 https://registry.npmjs.org/electron-to-chromium 75ms (cache revalidated)
390 silly packumentCache full:https://registry.npmjs.org/electron-to-chromium set size:4727163 disposed:false
391 silly placeDep ROOT @babel/helper-module-imports@7.28.6 OK for: @babel/helper-module-transforms@7.28.6 want: ^7.28.6
392 silly placeDep ROOT @babel/helper-plugin-utils@7.28.6 OK for: @babel/plugin-transform-react-jsx-self@7.27.1 want: ^7.27.1
393 silly placeDep ROOT @babel/helper-globals@7.28.0 OK for: @babel/traverse@7.29.0 want: ^7.28.0
394 silly placeDep ROOT @babel/helper-string-parser@7.27.1 OK for: @babel/types@7.29.0 want: ^7.27.1
395 silly placeDep ROOT @jridgewell/sourcemap-codec@1.5.5 OK for: @jridgewell/gen-mapping@0.3.13 want: ^1.5.0
396 silly placeDep ROOT @jridgewell/resolve-uri@3.1.2 OK for: @jridgewell/trace-mapping@0.3.31 want: ^3.1.0
397 silly placeDep ROOT @types/babel__generator@7.27.0 OK for: @types/babel__core@7.20.5 want: *
398 silly placeDep ROOT @types/babel__template@7.4.4 OK for: @types/babel__core@7.20.5 want: *
399 silly placeDep ROOT @types/babel__traverse@7.28.0 OK for: @types/babel__core@7.20.5 want: *
400 silly placeDep ROOT follow-redirects@1.15.11 OK for: axios@1.13.6 want: ^1.15.11
401 silly placeDep ROOT form-data@4.0.5 OK for: axios@1.13.6 want: ^4.0.5
402 silly placeDep ROOT proxy-from-env@1.1.0 OK for: axios@1.13.6 want: ^1.1.0
403 silly fetch manifest asynckit@^0.4.0
404 silly packumentCache full:https://registry.npmjs.org/asynckit cache-miss
405 silly fetch manifest combined-stream@^1.0.8
406 silly packumentCache full:https://registry.npmjs.org/combined-stream cache-miss
407 silly fetch manifest es-set-tostringtag@^2.1.0
408 silly packumentCache full:https://registry.npmjs.org/es-set-tostringtag cache-miss
409 silly fetch manifest hasown@^2.0.2
410 silly packumentCache full:https://registry.npmjs.org/hasown cache-miss
411 silly fetch manifest mime-types@^2.1.12
412 silly packumentCache full:https://registry.npmjs.org/mime-types cache-miss
413 http fetch GET 200 https://registry.npmjs.org/asynckit 36ms (cache revalidated)
414 silly packumentCache full:https://registry.npmjs.org/asynckit set size:18932 disposed:false
415 http fetch GET 200 https://registry.npmjs.org/hasown 36ms (cache revalidated)
416 silly packumentCache full:https://registry.npmjs.org/hasown set size:12476 disposed:false
417 http fetch GET 200 https://registry.npmjs.org/mime-types 37ms (cache revalidated)
418 silly packumentCache full:https://registry.npmjs.org/mime-types set size:139110 disposed:false
419 http fetch GET 200 https://registry.npmjs.org/es-set-tostringtag 40ms (cache revalidated)
420 silly packumentCache full:https://registry.npmjs.org/es-set-tostringtag set size:22094 disposed:false
421 http fetch GET 200 https://registry.npmjs.org/combined-stream 51ms (cache revalidated)
422 silly packumentCache full:https://registry.npmjs.org/combined-stream set size:40337 disposed:false
423 silly fetch manifest browserslist@>= 4.21.0
424 silly packumentCache full:https://registry.npmjs.org/browserslist cache-hit
425 silly placeDep ROOT baseline-browser-mapping@2.10.10 OK for: browserslist@4.28.1 want: ^2.9.0
426 silly placeDep ROOT caniuse-lite@1.0.30001781 OK for: browserslist@4.28.1 want: ^1.0.30001759
427 silly placeDep ROOT electron-to-chromium@1.5.322 OK for: browserslist@4.28.1 want: ^1.5.263
428 silly placeDep ROOT node-releases@2.0.36 OK for: browserslist@4.28.1 want: ^2.0.27
429 silly placeDep ROOT update-browserslist-db@1.2.3 OK for: browserslist@4.28.1 want: ^1.2.0
430 silly fetch manifest escalade@^3.2.0
431 silly packumentCache full:https://registry.npmjs.org/escalade cache-miss
432 http fetch GET 200 https://registry.npmjs.org/escalade 33ms (cache revalidated)
433 silly packumentCache full:https://registry.npmjs.org/escalade set size:33724 disposed:false
434 silly placeDep ROOT ms@2.1.3 OK for: debug@4.4.3 want: ^2.1.3
435 silly placeDep ROOT asynckit@0.4.0 OK for: form-data@4.0.5 want: ^0.4.0
436 silly placeDep ROOT combined-stream@1.0.8 OK for: form-data@4.0.5 want: ^1.0.8
437 silly placeDep ROOT es-set-tostringtag@2.1.0 OK for: form-data@4.0.5 want: ^2.1.0
438 silly placeDep ROOT hasown@2.0.2 OK for: form-data@4.0.5 want: ^2.0.2
439 silly placeDep ROOT mime-types@2.1.35 OK for: form-data@4.0.5 want: ^2.1.12
440 silly fetch manifest delayed-stream@~1.0.0
441 silly packumentCache full:https://registry.npmjs.org/delayed-stream cache-miss
442 silly fetch manifest es-errors@^1.3.0
443 silly packumentCache full:https://registry.npmjs.org/es-errors cache-miss
444 silly fetch manifest get-intrinsic@^1.2.6
445 silly packumentCache full:https://registry.npmjs.org/get-intrinsic cache-miss
446 silly fetch manifest has-tostringtag@^1.0.2
447 silly packumentCache full:https://registry.npmjs.org/has-tostringtag cache-miss
448 silly fetch manifest function-bind@^1.1.2
449 silly packumentCache full:https://registry.npmjs.org/function-bind cache-miss
450 silly fetch manifest mime-db@1.52.0
451 silly packumentCache full:https://registry.npmjs.org/mime-db cache-miss
452 http fetch GET 200 https://registry.npmjs.org/get-intrinsic 27ms (cache revalidated)
453 silly packumentCache full:https://registry.npmjs.org/get-intrinsic set size:60985 disposed:false
454 http fetch GET 200 https://registry.npmjs.org/es-errors 31ms (cache revalidated)
455 silly packumentCache full:https://registry.npmjs.org/es-errors set size:16918 disposed:false
456 http fetch GET 200 https://registry.npmjs.org/has-tostringtag 35ms (cache revalidated)
457 silly packumentCache full:https://registry.npmjs.org/has-tostringtag set size:13945 disposed:false
458 http fetch GET 200 https://registry.npmjs.org/mime-db 36ms (cache revalidated)
459 silly packumentCache full:https://registry.npmjs.org/mime-db set size:164953 disposed:false
460 http fetch GET 200 https://registry.npmjs.org/function-bind 38ms (cache revalidated)
461 silly packumentCache full:https://registry.npmjs.org/function-bind set size:15733 disposed:false
462 http fetch GET 200 https://registry.npmjs.org/delayed-stream 56ms (cache revalidated)
463 silly packumentCache full:https://registry.npmjs.org/delayed-stream set size:15820 disposed:false
464 silly placeDep ROOT delayed-stream@1.0.0 OK for: combined-stream@1.0.8 want: ~1.0.0
465 silly placeDep ROOT es-errors@1.3.0 OK for: es-set-tostringtag@2.1.0 want: ^1.3.0
466 silly placeDep ROOT get-intrinsic@1.3.0 OK for: es-set-tostringtag@2.1.0 want: ^1.2.6
467 silly placeDep ROOT has-tostringtag@1.0.2 OK for: es-set-tostringtag@2.1.0 want: ^1.0.2
468 silly fetch manifest gopd@^1.2.0
469 silly packumentCache full:https://registry.npmjs.org/gopd cache-miss
470 silly fetch manifest get-proto@^1.0.1
471 silly packumentCache full:https://registry.npmjs.org/get-proto cache-miss
472 silly fetch manifest es-object-atoms@^1.1.1
473 silly packumentCache full:https://registry.npmjs.org/es-object-atoms cache-miss
474 silly fetch manifest math-intrinsics@^1.1.0
475 silly packumentCache full:https://registry.npmjs.org/math-intrinsics cache-miss
476 silly fetch manifest es-define-property@^1.0.1
477 silly packumentCache full:https://registry.npmjs.org/es-define-property cache-miss
478 silly fetch manifest call-bind-apply-helpers@^1.0.2
479 silly packumentCache full:https://registry.npmjs.org/call-bind-apply-helpers cache-miss
480 http fetch GET 200 https://registry.npmjs.org/gopd 29ms (cache revalidated)
481 silly packumentCache full:https://registry.npmjs.org/gopd set size:11458 disposed:false
482 http fetch GET 200 https://registry.npmjs.org/math-intrinsics 30ms (cache revalidated)
483 silly packumentCache full:https://registry.npmjs.org/math-intrinsics set size:9265 disposed:false
484 http fetch GET 200 https://registry.npmjs.org/get-proto 40ms (cache revalidated)
485 silly packumentCache full:https://registry.npmjs.org/get-proto set size:8300 disposed:false
486 http fetch GET 200 https://registry.npmjs.org/es-define-property 39ms (cache revalidated)
487 silly packumentCache full:https://registry.npmjs.org/es-define-property set size:8542 disposed:false
488 http fetch GET 200 https://registry.npmjs.org/es-object-atoms 41ms (cache revalidated)
489 silly packumentCache full:https://registry.npmjs.org/es-object-atoms set size:15304 disposed:false
490 http fetch GET 200 https://registry.npmjs.org/call-bind-apply-helpers 492ms (cache revalidated)
491 silly packumentCache full:https://registry.npmjs.org/call-bind-apply-helpers set size:12744 disposed:false
492 silly placeDep ROOT call-bind-apply-helpers@1.0.2 OK for: get-intrinsic@1.3.0 want: ^1.0.2
493 silly placeDep ROOT es-define-property@1.0.1 OK for: get-intrinsic@1.3.0 want: ^1.0.1
494 silly placeDep ROOT es-object-atoms@1.1.1 OK for: get-intrinsic@1.3.0 want: ^1.1.1
495 silly placeDep ROOT function-bind@1.1.2 OK for: get-intrinsic@1.3.0 want: ^1.1.2
496 silly placeDep ROOT get-proto@1.0.1 OK for: get-intrinsic@1.3.0 want: ^1.0.1
497 silly placeDep ROOT gopd@1.2.0 OK for: get-intrinsic@1.3.0 want: ^1.2.0
498 silly placeDep ROOT math-intrinsics@1.1.0 OK for: get-intrinsic@1.3.0 want: ^1.1.0
499 silly fetch manifest dunder-proto@^1.0.1
500 silly packumentCache full:https://registry.npmjs.org/dunder-proto cache-miss
501 http fetch GET 200 https://registry.npmjs.org/dunder-proto 32ms (cache revalidated)
502 silly packumentCache full:https://registry.npmjs.org/dunder-proto set size:8256 disposed:false
503 silly placeDep ROOT dunder-proto@1.0.1 OK for: get-proto@1.0.1 want: ^1.0.1
504 silly placeDep ROOT yallist@3.1.1 OK for: lru-cache@5.1.1 want: ^3.0.2
505 silly placeDep ROOT mime-db@1.52.0 OK for: mime-types@2.1.35 want: 1.52.0
506 silly placeDep ROOT loose-envify@1.4.0 OK for: react@18.3.1 want: ^1.1.0
507 silly placeDep ROOT scheduler@0.23.2 OK for: react-dom@18.3.1 want: ^0.23.2
508 silly fetch manifest react@>=16.8
509 silly packumentCache full:https://registry.npmjs.org/react cache-miss
510 http cache https://registry.npmjs.org/react 14ms (cache hit)
511 silly packumentCache full:https://registry.npmjs.org/react set size:6557385 disposed:false
512 silly placeDep ROOT @remix-run/router@1.23.2 OK for: react-router-dom@6.30.3 want: 1.23.2
513 silly placeDep ROOT react-router@6.30.3 OK for: react-router-dom@6.30.3 want: 6.30.3
514 silly placeDep ROOT escalade@3.2.0 OK for: update-browserslist-db@1.2.3 want: ^3.2.0
515 silly placeDep ROOT esbuild@0.21.5 OK for: vite@5.4.21 want: ^0.21.3
516 silly placeDep ROOT fsevents@2.3.3 OK for: vite@5.4.21 want: ~2.3.3
517 silly placeDep ROOT postcss@8.5.8 OK for: vite@5.4.21 want: ^8.4.43
518 silly placeDep ROOT rollup@4.60.0 OK for: vite@5.4.21 want: ^4.20.0
519 silly fetch manifest @esbuild/aix-ppc64@0.21.5
520 silly packumentCache full:https://registry.npmjs.org/@esbuild%2faix-ppc64 cache-miss
521 silly fetch manifest @esbuild/linux-arm@0.21.5
522 silly packumentCache full:https://registry.npmjs.org/@esbuild%2flinux-arm cache-miss
523 silly fetch manifest @esbuild/linux-x64@0.21.5
524 silly packumentCache full:https://registry.npmjs.org/@esbuild%2flinux-x64 cache-miss
525 silly fetch manifest @esbuild/sunos-x64@0.21.5
526 silly packumentCache full:https://registry.npmjs.org/@esbuild%2fsunos-x64 cache-miss
527 silly fetch manifest @esbuild/win32-x64@0.21.5
528 silly packumentCache full:https://registry.npmjs.org/@esbuild%2fwin32-x64 cache-miss
529 silly fetch manifest @esbuild/darwin-x64@0.21.5
530 silly packumentCache full:https://registry.npmjs.org/@esbuild%2fdarwin-x64 cache-miss
531 silly fetch manifest @esbuild/linux-ia32@0.21.5
532 silly packumentCache full:https://registry.npmjs.org/@esbuild%2flinux-ia32 cache-miss
533 silly fetch manifest @esbuild/netbsd-x64@0.21.5
534 silly packumentCache full:https://registry.npmjs.org/@esbuild%2fnetbsd-x64 cache-miss
535 silly fetch manifest @esbuild/win32-ia32@0.21.5
536 silly packumentCache full:https://registry.npmjs.org/@esbuild%2fwin32-ia32 cache-miss
537 silly fetch manifest @esbuild/android-arm@0.21.5
538 silly packumentCache full:https://registry.npmjs.org/@esbuild%2fandroid-arm cache-miss
539 silly fetch manifest @esbuild/android-x64@0.21.5
540 silly packumentCache full:https://registry.npmjs.org/@esbuild%2fandroid-x64 cache-miss
541 http fetch GET 200 https://registry.npmjs.org/@esbuild%2fnetbsd-x64 44ms (cache revalidated)
542 silly packumentCache full:https://registry.npmjs.org/@esbuild%2fnetbsd-x64 set size:187362 disposed:false
543 silly fetch manifest @esbuild/freebsd-x64@0.21.5
544 silly packumentCache full:https://registry.npmjs.org/@esbuild%2ffreebsd-x64 cache-miss
545 http fetch GET 200 https://registry.npmjs.org/@esbuild%2flinux-x64 50ms (cache revalidated)
546 silly packumentCache full:https://registry.npmjs.org/@esbuild%2flinux-x64 set size:188891 disposed:false
547 silly fetch manifest @esbuild/linux-arm64@0.21.5
548 silly packumentCache full:https://registry.npmjs.org/@esbuild%2flinux-arm64 cache-miss
549 http fetch GET 200 https://registry.npmjs.org/@esbuild%2fsunos-x64 51ms (cache revalidated)
550 silly packumentCache full:https://registry.npmjs.org/@esbuild%2fsunos-x64 set size:189123 disposed:false
551 silly fetch manifest @esbuild/linux-ppc64@0.21.5
552 silly packumentCache full:https://registry.npmjs.org/@esbuild%2flinux-ppc64 cache-miss
553 http fetch GET 200 https://registry.npmjs.org/@esbuild%2fandroid-arm 52ms (cache revalidated)
554 silly packumentCache full:https://registry.npmjs.org/@esbuild%2fandroid-arm set size:215153 disposed:false
555 silly fetch manifest @esbuild/linux-s390x@0.21.5
556 silly packumentCache full:https://registry.npmjs.org/@esbuild%2flinux-s390x cache-miss
557 http fetch GET 200 https://registry.npmjs.org/@esbuild%2fwin32-x64 61ms (cache revalidated)
558 silly packumentCache full:https://registry.npmjs.org/@esbuild%2fwin32-x64 set size:189125 disposed:false
559 silly fetch manifest @esbuild/openbsd-x64@0.21.5
560 silly packumentCache full:https://registry.npmjs.org/@esbuild%2fopenbsd-x64 cache-miss
561 http fetch GET 200 https://registry.npmjs.org/@esbuild%2flinux-arm 65ms (cache revalidated)
562 silly packumentCache full:https://registry.npmjs.org/@esbuild%2flinux-arm set size:188561 disposed:false
563 silly fetch manifest @esbuild/win32-arm64@0.21.5
564 silly packumentCache full:https://registry.npmjs.org/@esbuild%2fwin32-arm64 cache-miss
565 http fetch GET 200 https://registry.npmjs.org/@esbuild%2fwin32-ia32 64ms (cache revalidated)
566 silly packumentCache full:https://registry.npmjs.org/@esbuild%2fwin32-ia32 set size:189750 disposed:false
567 silly fetch manifest @esbuild/darwin-arm64@0.21.5
568 silly packumentCache full:https://registry.npmjs.org/@esbuild%2fdarwin-arm64 cache-miss
569 http fetch GET 200 https://registry.npmjs.org/@esbuild%2fandroid-x64 66ms (cache revalidated)
570 silly packumentCache full:https://registry.npmjs.org/@esbuild%2fandroid-x64 set size:188956 disposed:false
571 silly fetch manifest @esbuild/android-arm64@0.21.5
572 silly packumentCache full:https://registry.npmjs.org/@esbuild%2fandroid-arm64 cache-miss
573 http fetch GET 200 https://registry.npmjs.org/@esbuild%2fdarwin-x64 69ms (cache revalidated)
574 silly packumentCache full:https://registry.npmjs.org/@esbuild%2fdarwin-x64 set size:189577 disposed:false
575 silly fetch manifest @esbuild/freebsd-arm64@0.21.5
576 silly packumentCache full:https://registry.npmjs.org/@esbuild%2ffreebsd-arm64 cache-miss
577 http fetch GET 200 https://registry.npmjs.org/@esbuild%2flinux-ia32 77ms (cache revalidated)
578 silly packumentCache full:https://registry.npmjs.org/@esbuild%2flinux-ia32 set size:189532 disposed:false
579 silly fetch manifest @esbuild/linux-loong64@0.21.5
580 silly packumentCache full:https://registry.npmjs.org/@esbuild%2flinux-loong64 cache-miss
581 http fetch GET 200 https://registry.npmjs.org/@esbuild%2faix-ppc64 80ms (cache revalidated)
582 silly packumentCache full:https://registry.npmjs.org/@esbuild%2faix-ppc64 set size:57686 disposed:false
583 silly fetch manifest @esbuild/linux-riscv64@0.21.5
584 silly packumentCache full:https://registry.npmjs.org/@esbuild%2flinux-riscv64 cache-miss
585 http fetch GET 200 https://registry.npmjs.org/@esbuild%2ffreebsd-x64 50ms (cache revalidated)
586 silly packumentCache full:https://registry.npmjs.org/@esbuild%2ffreebsd-x64 set size:190419 disposed:false
587 silly fetch manifest @esbuild/linux-mips64el@0.21.5
588 silly packumentCache full:https://registry.npmjs.org/@esbuild%2flinux-mips64el cache-miss
589 http fetch GET 200 https://registry.npmjs.org/@esbuild%2flinux-arm64 59ms (cache revalidated)
590 silly packumentCache full:https://registry.npmjs.org/@esbuild%2flinux-arm64 set size:190613 disposed:false
591 silly fetch manifest nanoid@^3.3.11
592 silly packumentCache full:https://registry.npmjs.org/nanoid cache-miss
593 http fetch GET 200 https://registry.npmjs.org/@esbuild%2flinux-ppc64 61ms (cache revalidated)
594 silly packumentCache full:https://registry.npmjs.org/@esbuild%2flinux-ppc64 set size:192578 disposed:false
595 silly fetch manifest source-map-js@^1.2.1
596 silly packumentCache full:https://registry.npmjs.org/source-map-js cache-miss
597 http fetch GET 200 https://registry.npmjs.org/@esbuild%2flinux-s390x 60ms (cache revalidated)
598 silly packumentCache full:https://registry.npmjs.org/@esbuild%2flinux-s390x set size:192070 disposed:false
599 silly fetch manifest @types/estree@1.0.8
600 silly packumentCache full:https://registry.npmjs.org/@types%2festree cache-miss
601 http fetch GET 200 https://registry.npmjs.org/@esbuild%2fdarwin-arm64 54ms (cache revalidated)
602 silly packumentCache full:https://registry.npmjs.org/@esbuild%2fdarwin-arm64 set size:191268 disposed:false
603 silly fetch manifest @rollup/rollup-darwin-arm64@4.60.0
604 silly packumentCache full:https://registry.npmjs.org/@rollup%2frollup-darwin-arm64 cache-miss
605 http fetch GET 200 https://registry.npmjs.org/@esbuild%2fopenbsd-x64 60ms (cache revalidated)
606 silly packumentCache full:https://registry.npmjs.org/@esbuild%2fopenbsd-x64 set size:190425 disposed:false
607 silly fetch manifest @rollup/rollup-android-arm64@4.60.0
608 silly packumentCache full:https://registry.npmjs.org/@rollup%2frollup-android-arm64 cache-miss
609 http fetch GET 200 https://registry.npmjs.org/@esbuild%2fwin32-arm64 60ms (cache revalidated)
610 silly packumentCache full:https://registry.npmjs.org/@esbuild%2fwin32-arm64 set size:190835 disposed:false
611 silly fetch manifest @rollup/rollup-win32-arm64-msvc@4.60.0
612 silly packumentCache full:https://registry.npmjs.org/@rollup%2frollup-win32-arm64-msvc cache-miss
613 http fetch GET 200 https://registry.npmjs.org/@esbuild%2ffreebsd-arm64 57ms (cache revalidated)
614 silly packumentCache full:https://registry.npmjs.org/@esbuild%2ffreebsd-arm64 set size:192128 disposed:false
615 silly fetch manifest @rollup/rollup-freebsd-arm64@4.60.0
616 silly packumentCache full:https://registry.npmjs.org/@rollup%2frollup-freebsd-arm64 cache-miss
617 http fetch GET 200 https://registry.npmjs.org/@esbuild%2flinux-mips64el 37ms (cache revalidated)
618 silly packumentCache full:https://registry.npmjs.org/@esbuild%2flinux-mips64el set size:194259 disposed:false
619 silly fetch manifest @rollup/rollup-linux-arm64-gnu@4.60.0
620 silly packumentCache full:https://registry.npmjs.org/@rollup%2frollup-linux-arm64-gnu cache-miss
621 http fetch GET 200 https://registry.npmjs.org/@esbuild%2flinux-loong64 63ms (cache revalidated)
622 silly packumentCache full:https://registry.npmjs.org/@esbuild%2flinux-loong64 set size:245468 disposed:false
623 silly fetch manifest @rollup/rollup-linux-arm64-musl@4.60.0
624 silly packumentCache full:https://registry.npmjs.org/@rollup%2frollup-linux-arm64-musl cache-miss
625 http fetch GET 200 https://registry.npmjs.org/nanoid 34ms (cache revalidated)
626 silly packumentCache full:https://registry.npmjs.org/nanoid set size:300313 disposed:false
627 silly fetch manifest @rollup/rollup-android-arm-eabi@4.60.0
628 silly packumentCache full:https://registry.npmjs.org/@rollup%2frollup-android-arm-eabi cache-miss
629 http fetch GET 200 https://registry.npmjs.org/@esbuild%2flinux-riscv64 103ms (cache revalidated)
630 silly packumentCache full:https://registry.npmjs.org/@esbuild%2flinux-riscv64 set size:192251 disposed:false
631 silly fetch manifest @rollup/rollup-linux-arm-gnueabihf@4.60.0
632 silly packumentCache full:https://registry.npmjs.org/@rollup%2frollup-linux-arm-gnueabihf cache-miss
633 http fetch GET 200 https://registry.npmjs.org/@types%2festree 69ms (cache revalidated)
634 silly packumentCache full:https://registry.npmjs.org/@types%2festree set size:74091 disposed:false
635 silly fetch manifest @rollup/rollup-linux-arm-musleabihf@4.60.0
636 silly packumentCache full:https://registry.npmjs.org/@rollup%2frollup-linux-arm-musleabihf cache-miss
637 http fetch GET 200 https://registry.npmjs.org/@esbuild%2fandroid-arm64 117ms (cache revalidated)
638 silly packumentCache full:https://registry.npmjs.org/@esbuild%2fandroid-arm64 set size:193961 disposed:false
639 silly fetch manifest @rollup/rollup-win32-ia32-msvc@4.60.0
640 silly packumentCache full:https://registry.npmjs.org/@rollup%2frollup-win32-ia32-msvc cache-miss
641 http fetch GET 200 https://registry.npmjs.org/source-map-js 74ms (cache revalidated)
642 silly packumentCache full:https://registry.npmjs.org/source-map-js set size:62640 disposed:false
643 silly fetch manifest @rollup/rollup-linux-loong64-gnu@4.60.0
644 silly packumentCache full:https://registry.npmjs.org/@rollup%2frollup-linux-loong64-gnu cache-miss
645 http fetch GET 200 https://registry.npmjs.org/@rollup%2frollup-darwin-arm64 68ms (cache revalidated)
646 silly packumentCache full:https://registry.npmjs.org/@rollup%2frollup-darwin-arm64 set size:330305 disposed:false
647 silly fetch manifest @rollup/rollup-linux-loong64-musl@4.60.0
648 silly packumentCache full:https://registry.npmjs.org/@rollup%2frollup-linux-loong64-musl cache-miss
649 http fetch GET 200 https://registry.npmjs.org/@rollup%2frollup-freebsd-arm64 63ms (cache revalidated)
650 silly packumentCache full:https://registry.npmjs.org/@rollup%2frollup-freebsd-arm64 set size:179976 disposed:false
651 silly fetch manifest @rollup/rollup-linux-riscv64-gnu@4.60.0
652 silly packumentCache full:https://registry.npmjs.org/@rollup%2frollup-linux-riscv64-gnu cache-miss
653 http fetch GET 200 https://registry.npmjs.org/@rollup%2frollup-win32-arm64-msvc 67ms (cache revalidated)
654 silly packumentCache full:https://registry.npmjs.org/@rollup%2frollup-win32-arm64-msvc set size:335092 disposed:false
655 silly fetch manifest @rollup/rollup-linux-riscv64-musl@4.60.0
656 silly packumentCache full:https://registry.npmjs.org/@rollup%2frollup-linux-riscv64-musl cache-miss
657 http fetch GET 200 https://registry.npmjs.org/@rollup%2frollup-android-arm64 72ms (cache revalidated)
658 silly packumentCache full:https://registry.npmjs.org/@rollup%2frollup-android-arm64 set size:331771 disposed:false
659 silly fetch manifest @rollup/rollup-linux-ppc64-gnu@4.60.0
660 silly packumentCache full:https://registry.npmjs.org/@rollup%2frollup-linux-ppc64-gnu cache-miss
661 http fetch GET 200 https://registry.npmjs.org/@rollup%2frollup-linux-arm64-musl 62ms (cache revalidated)
662 silly packumentCache full:https://registry.npmjs.org/@rollup%2frollup-linux-arm64-musl set size:292661 disposed:false
663 silly fetch manifest @rollup/rollup-linux-ppc64-musl@4.60.0
664 silly packumentCache full:https://registry.npmjs.org/@rollup%2frollup-linux-ppc64-musl cache-miss
665 http fetch GET 200 https://registry.npmjs.org/@rollup%2frollup-linux-arm64-gnu 79ms (cache revalidated)
666 silly packumentCache full:https://registry.npmjs.org/@rollup%2frollup-linux-arm64-gnu set size:337301 disposed:false
667 silly fetch manifest @rollup/rollup-linux-s390x-gnu@4.60.0
668 silly packumentCache full:https://registry.npmjs.org/@rollup%2frollup-linux-s390x-gnu cache-miss
669 http fetch GET 200 https://registry.npmjs.org/@rollup%2frollup-android-arm-eabi 78ms (cache revalidated)
670 silly packumentCache full:https://registry.npmjs.org/@rollup%2frollup-android-arm-eabi set size:335098 disposed:false
671 silly fetch manifest @rollup/rollup-darwin-x64@4.60.0
672 silly packumentCache full:https://registry.npmjs.org/@rollup%2frollup-darwin-x64 cache-miss
673 http fetch GET 200 https://registry.npmjs.org/@rollup%2frollup-linux-loong64-gnu 58ms (cache revalidated)
674 silly packumentCache full:https://registry.npmjs.org/@rollup%2frollup-linux-loong64-gnu set size:61695 disposed:false
675 silly fetch manifest @rollup/rollup-win32-x64-gnu@4.60.0
676 silly packumentCache full:https://registry.npmjs.org/@rollup%2frollup-win32-x64-gnu cache-miss
677 http fetch GET 200 https://registry.npmjs.org/@rollup%2frollup-win32-ia32-msvc 61ms (cache revalidated)
678 silly packumentCache full:https://registry.npmjs.org/@rollup%2frollup-win32-ia32-msvc set size:333639 disposed:false
679 silly fetch manifest @rollup/rollup-win32-x64-msvc@4.60.0
680 silly packumentCache full:https://registry.npmjs.org/@rollup%2frollup-win32-x64-msvc cache-miss
681 http fetch GET 200 https://registry.npmjs.org/@rollup%2frollup-linux-riscv64-gnu 59ms (cache revalidated)
682 silly packumentCache full:https://registry.npmjs.org/@rollup%2frollup-linux-riscv64-gnu set size:263379 disposed:false
683 silly fetch manifest @rollup/rollup-freebsd-x64@4.60.0
684 silly packumentCache full:https://registry.npmjs.org/@rollup%2frollup-freebsd-x64 cache-miss
685 http fetch GET 200 https://registry.npmjs.org/@rollup%2frollup-linux-ppc64-gnu 60ms (cache revalidated)
686 silly packumentCache full:https://registry.npmjs.org/@rollup%2frollup-linux-ppc64-gnu set size:81977 disposed:false
687 silly fetch manifest @rollup/rollup-linux-x64-gnu@4.60.0
688 silly packumentCache full:https://registry.npmjs.org/@rollup%2frollup-linux-x64-gnu cache-miss
689 http fetch GET 200 https://registry.npmjs.org/@rollup%2frollup-linux-loong64-musl 71ms (cache revalidated)
690 silly packumentCache full:https://registry.npmjs.org/@rollup%2frollup-linux-loong64-musl set size:23676 disposed:false
691 silly fetch manifest @rollup/rollup-linux-x64-musl@4.60.0
692 silly packumentCache full:https://registry.npmjs.org/@rollup%2frollup-linux-x64-musl cache-miss
693 http fetch GET 200 https://registry.npmjs.org/@rollup%2frollup-linux-arm-musleabihf 79ms (cache revalidated)
694 silly packumentCache full:https://registry.npmjs.org/@rollup%2frollup-linux-arm-musleabihf set size:234842 disposed:false
695 silly fetch manifest @rollup/rollup-openbsd-x64@4.60.0
696 silly packumentCache full:https://registry.npmjs.org/@rollup%2frollup-openbsd-x64 cache-miss
697 http fetch GET 200 https://registry.npmjs.org/@rollup%2frollup-linux-riscv64-musl 72ms (cache revalidated)
698 silly packumentCache full:https://registry.npmjs.org/@rollup%2frollup-linux-riscv64-musl set size:109341 disposed:false
699 silly fetch manifest @rollup/rollup-openharmony-arm64@4.60.0
700 silly packumentCache full:https://registry.npmjs.org/@rollup%2frollup-openharmony-arm64 cache-miss
701 http fetch GET 200 https://registry.npmjs.org/@rollup%2frollup-linux-arm-gnueabihf 86ms (cache revalidated)
702 silly packumentCache full:https://registry.npmjs.org/@rollup%2frollup-linux-arm-gnueabihf set size:340690 disposed:false
703 http fetch GET 200 https://registry.npmjs.org/@rollup%2frollup-linux-ppc64-musl 67ms (cache revalidated)
704 silly packumentCache full:https://registry.npmjs.org/@rollup%2frollup-linux-ppc64-musl set size:23479 disposed:false
705 http fetch GET 200 https://registry.npmjs.org/@rollup%2frollup-linux-s390x-gnu 57ms (cache revalidated)
706 silly packumentCache full:https://registry.npmjs.org/@rollup%2frollup-linux-s390x-gnu set size:237146 disposed:false
707 http fetch GET 200 https://registry.npmjs.org/@rollup%2frollup-darwin-x64 58ms (cache revalidated)
708 silly packumentCache full:https://registry.npmjs.org/@rollup%2frollup-darwin-x64 set size:325565 disposed:false
709 http fetch GET 200 https://registry.npmjs.org/@rollup%2frollup-win32-x64-gnu 65ms (cache revalidated)
710 silly packumentCache full:https://registry.npmjs.org/@rollup%2frollup-win32-x64-gnu set size:53430 disposed:false
711 http fetch GET 200 https://registry.npmjs.org/@rollup%2frollup-win32-x64-msvc 63ms (cache revalidated)
712 silly packumentCache full:https://registry.npmjs.org/@rollup%2frollup-win32-x64-msvc set size:330321 disposed:false
713 http fetch GET 200 https://registry.npmjs.org/@rollup%2frollup-openharmony-arm64 51ms (cache revalidated)
714 silly packumentCache full:https://registry.npmjs.org/@rollup%2frollup-openharmony-arm64 set size:62626 disposed:false
715 http fetch GET 200 https://registry.npmjs.org/@rollup%2frollup-linux-x64-musl 58ms (cache revalidated)
716 silly packumentCache full:https://registry.npmjs.org/@rollup%2frollup-linux-x64-musl set size:331827 disposed:false
717 http fetch GET 200 https://registry.npmjs.org/@rollup%2frollup-openbsd-x64 62ms (cache revalidated)
718 silly packumentCache full:https://registry.npmjs.org/@rollup%2frollup-openbsd-x64 set size:22873 disposed:false
719 http fetch GET 200 https://registry.npmjs.org/@rollup%2frollup-freebsd-x64 76ms (cache revalidated)
720 silly packumentCache full:https://registry.npmjs.org/@rollup%2frollup-freebsd-x64 set size:178134 disposed:false
721 http fetch GET 200 https://registry.npmjs.org/@rollup%2frollup-linux-x64-gnu 74ms (cache revalidated)
722 silly packumentCache full:https://registry.npmjs.org/@rollup%2frollup-linux-x64-gnu set size:332499 disposed:false
723 silly placeDep ROOT @esbuild/aix-ppc64@0.21.5 OK for: esbuild@0.21.5 want: 0.21.5
724 silly placeDep ROOT @esbuild/android-arm@0.21.5 OK for: esbuild@0.21.5 want: 0.21.5
725 silly placeDep ROOT @esbuild/android-arm64@0.21.5 OK for: esbuild@0.21.5 want: 0.21.5
726 silly placeDep ROOT @esbuild/android-x64@0.21.5 OK for: esbuild@0.21.5 want: 0.21.5
727 silly placeDep ROOT @esbuild/darwin-arm64@0.21.5 OK for: esbuild@0.21.5 want: 0.21.5
728 silly placeDep ROOT @esbuild/darwin-x64@0.21.5 OK for: esbuild@0.21.5 want: 0.21.5
729 silly placeDep ROOT @esbuild/freebsd-arm64@0.21.5 OK for: esbuild@0.21.5 want: 0.21.5
730 silly placeDep ROOT @esbuild/freebsd-x64@0.21.5 OK for: esbuild@0.21.5 want: 0.21.5
731 silly placeDep ROOT @esbuild/linux-arm@0.21.5 OK for: esbuild@0.21.5 want: 0.21.5
732 silly placeDep ROOT @esbuild/linux-arm64@0.21.5 OK for: esbuild@0.21.5 want: 0.21.5
733 silly placeDep ROOT @esbuild/linux-ia32@0.21.5 OK for: esbuild@0.21.5 want: 0.21.5
734 silly placeDep ROOT @esbuild/linux-loong64@0.21.5 OK for: esbuild@0.21.5 want: 0.21.5
735 silly placeDep ROOT @esbuild/linux-mips64el@0.21.5 OK for: esbuild@0.21.5 want: 0.21.5
736 silly placeDep ROOT @esbuild/linux-ppc64@0.21.5 OK for: esbuild@0.21.5 want: 0.21.5
737 silly placeDep ROOT @esbuild/linux-riscv64@0.21.5 OK for: esbuild@0.21.5 want: 0.21.5
738 silly placeDep ROOT @esbuild/linux-s390x@0.21.5 OK for: esbuild@0.21.5 want: 0.21.5
739 silly placeDep ROOT @esbuild/linux-x64@0.21.5 OK for: esbuild@0.21.5 want: 0.21.5
740 silly placeDep ROOT @esbuild/netbsd-x64@0.21.5 OK for: esbuild@0.21.5 want: 0.21.5
741 silly placeDep ROOT @esbuild/openbsd-x64@0.21.5 OK for: esbuild@0.21.5 want: 0.21.5
742 silly placeDep ROOT @esbuild/sunos-x64@0.21.5 OK for: esbuild@0.21.5 want: 0.21.5
743 silly placeDep ROOT @esbuild/win32-arm64@0.21.5 OK for: esbuild@0.21.5 want: 0.21.5
744 silly placeDep ROOT @esbuild/win32-ia32@0.21.5 OK for: esbuild@0.21.5 want: 0.21.5
745 silly placeDep ROOT @esbuild/win32-x64@0.21.5 OK for: esbuild@0.21.5 want: 0.21.5
746 silly placeDep ROOT nanoid@3.3.11 OK for: postcss@8.5.8 want: ^3.3.11
747 silly placeDep ROOT source-map-js@1.2.1 OK for: postcss@8.5.8 want: ^1.2.1
748 silly placeDep ROOT @rollup/rollup-android-arm-eabi@4.60.0 OK for: rollup@4.60.0 want: 4.60.0
749 silly placeDep ROOT @rollup/rollup-android-arm64@4.60.0 OK for: rollup@4.60.0 want: 4.60.0
750 silly placeDep ROOT @rollup/rollup-darwin-arm64@4.60.0 OK for: rollup@4.60.0 want: 4.60.0
751 silly placeDep ROOT @rollup/rollup-darwin-x64@4.60.0 OK for: rollup@4.60.0 want: 4.60.0
752 silly placeDep ROOT @rollup/rollup-freebsd-arm64@4.60.0 OK for: rollup@4.60.0 want: 4.60.0
753 silly placeDep ROOT @rollup/rollup-freebsd-x64@4.60.0 OK for: rollup@4.60.0 want: 4.60.0
754 silly placeDep ROOT @rollup/rollup-linux-arm-gnueabihf@4.60.0 OK for: rollup@4.60.0 want: 4.60.0
755 silly placeDep ROOT @rollup/rollup-linux-arm-musleabihf@4.60.0 OK for: rollup@4.60.0 want: 4.60.0
756 silly placeDep ROOT @rollup/rollup-linux-arm64-gnu@4.60.0 OK for: rollup@4.60.0 want: 4.60.0
757 silly placeDep ROOT @rollup/rollup-linux-arm64-musl@4.60.0 OK for: rollup@4.60.0 want: 4.60.0
758 silly placeDep ROOT @rollup/rollup-linux-loong64-gnu@4.60.0 OK for: rollup@4.60.0 want: 4.60.0
759 silly placeDep ROOT @rollup/rollup-linux-loong64-musl@4.60.0 OK for: rollup@4.60.0 want: 4.60.0
760 silly placeDep ROOT @rollup/rollup-linux-ppc64-gnu@4.60.0 OK for: rollup@4.60.0 want: 4.60.0
761 silly placeDep ROOT @rollup/rollup-linux-ppc64-musl@4.60.0 OK for: rollup@4.60.0 want: 4.60.0
762 silly placeDep ROOT @rollup/rollup-linux-riscv64-gnu@4.60.0 OK for: rollup@4.60.0 want: 4.60.0
763 silly placeDep ROOT @rollup/rollup-linux-riscv64-musl@4.60.0 OK for: rollup@4.60.0 want: 4.60.0
764 silly placeDep ROOT @rollup/rollup-linux-s390x-gnu@4.60.0 OK for: rollup@4.60.0 want: 4.60.0
765 silly placeDep ROOT @rollup/rollup-linux-x64-gnu@4.60.0 OK for: rollup@4.60.0 want: 4.60.0
766 silly placeDep ROOT @rollup/rollup-linux-x64-musl@4.60.0 OK for: rollup@4.60.0 want: 4.60.0
767 silly placeDep ROOT @rollup/rollup-openbsd-x64@4.60.0 OK for: rollup@4.60.0 want: 4.60.0
768 silly placeDep ROOT @rollup/rollup-openharmony-arm64@4.60.0 OK for: rollup@4.60.0 want: 4.60.0
769 silly placeDep ROOT @rollup/rollup-win32-arm64-msvc@4.60.0 OK for: rollup@4.60.0 want: 4.60.0
770 silly placeDep ROOT @rollup/rollup-win32-ia32-msvc@4.60.0 OK for: rollup@4.60.0 want: 4.60.0
771 silly placeDep ROOT @rollup/rollup-win32-x64-gnu@4.60.0 OK for: rollup@4.60.0 want: 4.60.0
772 silly placeDep ROOT @rollup/rollup-win32-x64-msvc@4.60.0 OK for: rollup@4.60.0 want: 4.60.0
773 silly placeDep ROOT @types/estree@1.0.8 OK for: rollup@4.60.0 want: 1.0.8
774 silly reify moves {}
775 silly audit bulk request {
775 silly audit   'has-symbols': [ '1.1.0' ],
775 silly audit   '@vitejs/plugin-react': [ '4.7.0' ],
775 silly audit   vite: [ '5.4.21' ],
775 silly audit   axios: [ '1.13.6' ],
775 silly audit   react: [ '18.3.1' ],
775 silly audit   'react-dom': [ '18.3.1' ],
775 silly audit   'react-router-dom': [ '6.30.3' ],
775 silly audit   '@babel/core': [ '7.29.0' ],
775 silly audit   '@babel/plugin-transform-react-jsx-self': [ '7.27.1' ],
775 silly audit   '@babel/plugin-transform-react-jsx-source': [ '7.27.1' ],
775 silly audit   '@rolldown/pluginutils': [ '1.0.0-beta.27' ],
775 silly audit   '@types/babel__core': [ '7.20.5' ],
775 silly audit   'react-refresh': [ '0.17.0' ],
775 silly audit   '@babel/code-frame': [ '7.29.0' ],
775 silly audit   '@babel/generator': [ '7.29.1' ],
775 silly audit   '@babel/helper-compilation-targets': [ '7.28.6' ],
775 silly audit   '@babel/helper-module-transforms': [ '7.28.6' ],
775 silly audit   '@babel/helpers': [ '7.29.2' ],
775 silly audit   '@babel/parser': [ '7.29.2' ],
775 silly audit   '@babel/template': [ '7.28.6' ],
775 silly audit   '@babel/traverse': [ '7.29.0' ],
775 silly audit   '@babel/types': [ '7.29.0' ],
775 silly audit   '@jridgewell/remapping': [ '2.3.5' ],
775 silly audit   'convert-source-map': [ '2.0.0' ],
775 silly audit   debug: [ '4.4.3' ],
775 silly audit   gensync: [ '1.0.0-beta.2' ],
775 silly audit   json5: [ '2.2.3' ],
775 silly audit   semver: [ '6.3.1' ],
775 silly audit   '@babel/helper-validator-identifier': [ '7.28.5' ],
775 silly audit   'js-tokens': [ '4.0.0' ],
775 silly audit   picocolors: [ '1.1.1' ],
775 silly audit   '@jridgewell/gen-mapping': [ '0.3.13' ],
775 silly audit   '@jridgewell/trace-mapping': [ '0.3.31' ],
775 silly audit   jsesc: [ '3.1.0' ],
775 silly audit   '@babel/compat-data': [ '7.29.0' ],
775 silly audit   '@babel/helper-validator-option': [ '7.27.1' ],
775 silly audit   browserslist: [ '4.28.1' ],
775 silly audit   'lru-cache': [ '5.1.1' ],
775 silly audit   '@babel/helper-module-imports': [ '7.28.6' ],
775 silly audit   '@babel/helper-plugin-utils': [ '7.28.6' ],
775 silly audit   '@babel/helper-globals': [ '7.28.0' ],
775 silly audit   '@babel/helper-string-parser': [ '7.27.1' ],
775 silly audit   '@jridgewell/sourcemap-codec': [ '1.5.5' ],
775 silly audit   '@jridgewell/resolve-uri': [ '3.1.2' ],
775 silly audit   '@types/babel__generator': [ '7.27.0' ],
775 silly audit   '@types/babel__template': [ '7.4.4' ],
775 silly audit   '@types/babel__traverse': [ '7.28.0' ],
775 silly audit   'follow-redirects': [ '1.15.11' ],
775 silly audit   'form-data': [ '4.0.5' ],
775 silly audit   'proxy-from-env': [ '1.1.0' ],
775 silly audit   'baseline-browser-mapping': [ '2.10.10' ],
775 silly audit   'caniuse-lite': [ '1.0.30001781' ],
775 silly audit   'electron-to-chromium': [ '1.5.322' ],
775 silly audit   'node-releases': [ '2.0.36' ],
775 silly audit   'update-browserslist-db': [ '1.2.3' ],
775 silly audit   ms: [ '2.1.3' ],
775 silly audit   asynckit: [ '0.4.0' ],
775 silly audit   'combined-stream': [ '1.0.8' ],
775 silly audit   'es-set-tostringtag': [ '2.1.0' ],
775 silly audit   hasown: [ '2.0.2' ],
775 silly audit   'mime-types': [ '2.1.35' ],
775 silly audit   'delayed-stream': [ '1.0.0' ],
775 silly audit   'es-errors': [ '1.3.0' ],
775 silly audit   'get-intrinsic': [ '1.3.0' ],
775 silly audit   'has-tostringtag': [ '1.0.2' ],
775 silly audit   'call-bind-apply-helpers': [ '1.0.2' ],
775 silly audit   'es-define-property': [ '1.0.1' ],
775 silly audit   'es-object-atoms': [ '1.1.1' ],
775 silly audit   'function-bind': [ '1.1.2' ],
775 silly audit   'get-proto': [ '1.0.1' ],
775 silly audit   gopd: [ '1.2.0' ],
775 silly audit   'math-intrinsics': [ '1.1.0' ],
775 silly audit   'dunder-proto': [ '1.0.1' ],
775 silly audit   yallist: [ '3.1.1' ],
775 silly audit   'mime-db': [ '1.52.0' ],
775 silly audit   'loose-envify': [ '1.4.0' ],
775 silly audit   scheduler: [ '0.23.2' ],
775 silly audit   '@remix-run/router': [ '1.23.2' ],
775 silly audit   'react-router': [ '6.30.3' ],
775 silly audit   escalade: [ '3.2.0' ],
775 silly audit   esbuild: [ '0.21.5' ],
775 silly audit   fsevents: [ '2.3.3' ],
775 silly audit   postcss: [ '8.5.8' ],
775 silly audit   rollup: [ '4.60.0' ],
775 silly audit   '@esbuild/aix-ppc64': [ '0.21.5' ],
775 silly audit   '@esbuild/android-arm': [ '0.21.5' ],
775 silly audit   '@esbuild/android-arm64': [ '0.21.5' ],
775 silly audit   '@esbuild/android-x64': [ '0.21.5' ],
775 silly audit   '@esbuild/darwin-arm64': [ '0.21.5' ],
775 silly audit   '@esbuild/darwin-x64': [ '0.21.5' ],
775 silly audit   '@esbuild/freebsd-arm64': [ '0.21.5' ],
775 silly audit   '@esbuild/freebsd-x64': [ '0.21.5' ],
775 silly audit   '@esbuild/linux-arm': [ '0.21.5' ],
775 silly audit   '@esbuild/linux-arm64': [ '0.21.5' ],
775 silly audit   '@esbuild/linux-ia32': [ '0.21.5' ],
775 silly audit   '@esbuild/linux-loong64': [ '0.21.5' ],
775 silly audit   '@esbuild/linux-mips64el': [ '0.21.5' ],
775 silly audit   '@esbuild/linux-ppc64': [ '0.21.5' ],
775 silly audit   '@esbuild/linux-riscv64': [ '0.21.5' ],
775 silly audit   '@esbuild/linux-s390x': [ '0.21.5' ],
775 silly audit   '@esbuild/linux-x64': [ '0.21.5' ],
775 silly audit   '@esbuild/netbsd-x64': [ '0.21.5' ],
775 silly audit   '@esbuild/openbsd-x64': [ '0.21.5' ],
775 silly audit   '@esbuild/sunos-x64': [ '0.21.5' ],
775 silly audit   '@esbuild/win32-arm64': [ '0.21.5' ],
775 silly audit   '@esbuild/win32-ia32': [ '0.21.5' ],
775 silly audit   '@esbuild/win32-x64': [ '0.21.5' ],
775 silly audit   nanoid: [ '3.3.11' ],
775 silly audit   'source-map-js': [ '1.2.1' ],
775 silly audit   '@rollup/rollup-android-arm-eabi': [ '4.60.0' ],
775 silly audit   '@rollup/rollup-android-arm64': [ '4.60.0' ],
775 silly audit   '@rollup/rollup-darwin-arm64': [ '4.60.0' ],
775 silly audit   '@rollup/rollup-darwin-x64': [ '4.60.0' ],
775 silly audit   '@rollup/rollup-freebsd-arm64': [ '4.60.0' ],
775 silly audit   '@rollup/rollup-freebsd-x64': [ '4.60.0' ],
775 silly audit   '@rollup/rollup-linux-arm-gnueabihf': [ '4.60.0' ],
775 silly audit   '@rollup/rollup-linux-arm-musleabihf': [ '4.60.0' ],
775 silly audit   '@rollup/rollup-linux-arm64-gnu': [ '4.60.0' ],
775 silly audit   '@rollup/rollup-linux-arm64-musl': [ '4.60.0' ],
775 silly audit   '@rollup/rollup-linux-loong64-gnu': [ '4.60.0' ],
775 silly audit   '@rollup/rollup-linux-loong64-musl': [ '4.60.0' ],
775 silly audit   '@rollup/rollup-linux-ppc64-gnu': [ '4.60.0' ],
775 silly audit   '@rollup/rollup-linux-ppc64-musl': [ '4.60.0' ],
775 silly audit   '@rollup/rollup-linux-riscv64-gnu': [ '4.60.0' ],
775 silly audit   '@rollup/rollup-linux-riscv64-musl': [ '4.60.0' ],
775 silly audit   '@rollup/rollup-linux-s390x-gnu': [ '4.60.0' ],
775 silly audit   '@rollup/rollup-linux-x64-gnu': [ '4.60.0' ],
775 silly audit   '@rollup/rollup-linux-x64-musl': [ '4.60.0' ],
775 silly audit   '@rollup/rollup-openbsd-x64': [ '4.60.0' ],
775 silly audit   '@rollup/rollup-openharmony-arm64': [ '4.60.0' ],
775 silly audit   '@rollup/rollup-win32-arm64-msvc': [ '4.60.0' ],
775 silly audit   '@rollup/rollup-win32-ia32-msvc': [ '4.60.0' ],
775 silly audit   '@rollup/rollup-win32-x64-gnu': [ '4.60.0' ],
775 silly audit   '@rollup/rollup-win32-x64-msvc': [ '4.60.0' ],
775 silly audit   '@types/estree': [ '1.0.8' ]
775 silly audit }
776 http cache @rollup/rollup-win32-x64-msvc@https://registry.npmjs.org/@rollup/rollup-win32-x64-msvc/-/rollup-win32-x64-msvc-4.60.0.tgz 0ms (cache hit)
777 http cache @types/estree@https://registry.npmjs.org/@types/estree/-/estree-1.0.8.tgz 0ms (cache hit)
778 http cache @rollup/rollup-win32-x64-gnu@https://registry.npmjs.org/@rollup/rollup-win32-x64-gnu/-/rollup-win32-x64-gnu-4.60.0.tgz 0ms (cache hit)
779 http cache nanoid@https://registry.npmjs.org/nanoid/-/nanoid-3.3.11.tgz 0ms (cache hit)
780 http cache source-map-js@https://registry.npmjs.org/source-map-js/-/source-map-js-1.2.1.tgz 0ms (cache hit)
781 http cache @esbuild/win32-x64@https://registry.npmjs.org/@esbuild/win32-x64/-/win32-x64-0.21.5.tgz 0ms (cache hit)
782 http cache postcss@https://registry.npmjs.org/postcss/-/postcss-8.5.8.tgz 0ms (cache hit)
783 http cache esbuild@https://registry.npmjs.org/esbuild/-/esbuild-0.21.5.tgz 0ms (cache hit)
784 http cache @remix-run/router@https://registry.npmjs.org/@remix-run/router/-/router-1.23.2.tgz 0ms (cache hit)
785 http cache escalade@https://registry.npmjs.org/escalade/-/escalade-3.2.0.tgz 0ms (cache hit)
786 http cache rollup@https://registry.npmjs.org/rollup/-/rollup-4.60.0.tgz 0ms (cache hit)
787 http cache scheduler@https://registry.npmjs.org/scheduler/-/scheduler-0.23.2.tgz 0ms (cache hit)
788 http cache react-router@https://registry.npmjs.org/react-router/-/react-router-6.30.3.tgz 0ms (cache hit)
789 http cache loose-envify@https://registry.npmjs.org/loose-envify/-/loose-envify-1.4.0.tgz 0ms (cache hit)
790 http cache mime-db@https://registry.npmjs.org/mime-db/-/mime-db-1.52.0.tgz 0ms (cache hit)
791 http cache yallist@https://registry.npmjs.org/yallist/-/yallist-3.1.1.tgz 0ms (cache hit)
792 http cache dunder-proto@https://registry.npmjs.org/dunder-proto/-/dunder-proto-1.0.1.tgz 0ms (cache hit)
793 http cache math-intrinsics@https://registry.npmjs.org/math-intrinsics/-/math-intrinsics-1.1.0.tgz 0ms (cache hit)
794 http cache gopd@https://registry.npmjs.org/gopd/-/gopd-1.2.0.tgz 0ms (cache hit)
795 http cache get-proto@https://registry.npmjs.org/get-proto/-/get-proto-1.0.1.tgz 0ms (cache hit)
796 http cache function-bind@https://registry.npmjs.org/function-bind/-/function-bind-1.1.2.tgz 0ms (cache hit)
797 http cache es-object-atoms@https://registry.npmjs.org/es-object-atoms/-/es-object-atoms-1.1.1.tgz 0ms (cache hit)
798 http cache call-bind-apply-helpers@https://registry.npmjs.org/call-bind-apply-helpers/-/call-bind-apply-helpers-1.0.2.tgz 0ms (cache hit)
799 http cache es-define-property@https://registry.npmjs.org/es-define-property/-/es-define-property-1.0.1.tgz 0ms (cache hit)
800 http cache get-intrinsic@https://registry.npmjs.org/get-intrinsic/-/get-intrinsic-1.3.0.tgz 0ms (cache hit)
801 http cache es-errors@https://registry.npmjs.org/es-errors/-/es-errors-1.3.0.tgz 0ms (cache hit)
802 http cache has-tostringtag@https://registry.npmjs.org/has-tostringtag/-/has-tostringtag-1.0.2.tgz 0ms (cache hit)
803 http cache delayed-stream@https://registry.npmjs.org/delayed-stream/-/delayed-stream-1.0.0.tgz 0ms (cache hit)
804 http cache mime-types@https://registry.npmjs.org/mime-types/-/mime-types-2.1.35.tgz 0ms (cache hit)
805 http cache hasown@https://registry.npmjs.org/hasown/-/hasown-2.0.2.tgz 0ms (cache hit)
806 http cache combined-stream@https://registry.npmjs.org/combined-stream/-/combined-stream-1.0.8.tgz 0ms (cache hit)
807 http cache asynckit@https://registry.npmjs.org/asynckit/-/asynckit-0.4.0.tgz 0ms (cache hit)
808 http cache es-set-tostringtag@https://registry.npmjs.org/es-set-tostringtag/-/es-set-tostringtag-2.1.0.tgz 0ms (cache hit)
809 http cache ms@https://registry.npmjs.org/ms/-/ms-2.1.3.tgz 0ms (cache hit)
810 http cache update-browserslist-db@https://registry.npmjs.org/update-browserslist-db/-/update-browserslist-db-1.2.3.tgz 0ms (cache hit)
811 http cache node-releases@https://registry.npmjs.org/node-releases/-/node-releases-2.0.36.tgz 0ms (cache hit)
812 http cache caniuse-lite@https://registry.npmjs.org/caniuse-lite/-/caniuse-lite-1.0.30001781.tgz 0ms (cache hit)
813 http cache electron-to-chromium@https://registry.npmjs.org/electron-to-chromium/-/electron-to-chromium-1.5.322.tgz 0ms (cache hit)
814 http cache baseline-browser-mapping@https://registry.npmjs.org/baseline-browser-mapping/-/baseline-browser-mapping-2.10.10.tgz 0ms (cache hit)
815 http cache @types/babel__traverse@https://registry.npmjs.org/@types/babel__traverse/-/babel__traverse-7.28.0.tgz 0ms (cache hit)
816 http cache proxy-from-env@https://registry.npmjs.org/proxy-from-env/-/proxy-from-env-1.1.0.tgz 0ms (cache hit)
817 http cache form-data@https://registry.npmjs.org/form-data/-/form-data-4.0.5.tgz 0ms (cache hit)
818 http cache follow-redirects@https://registry.npmjs.org/follow-redirects/-/follow-redirects-1.15.11.tgz 0ms (cache hit)
819 http cache @types/babel__template@https://registry.npmjs.org/@types/babel__template/-/babel__template-7.4.4.tgz 0ms (cache hit)
820 http cache @types/babel__generator@https://registry.npmjs.org/@types/babel__generator/-/babel__generator-7.27.0.tgz 0ms (cache hit)
821 http cache @jridgewell/sourcemap-codec@https://registry.npmjs.org/@jridgewell/sourcemap-codec/-/sourcemap-codec-1.5.5.tgz 0ms (cache hit)
822 http cache @babel/helper-string-parser@https://registry.npmjs.org/@babel/helper-string-parser/-/helper-string-parser-7.27.1.tgz 0ms (cache hit)
823 http cache @babel/helper-globals@https://registry.npmjs.org/@babel/helper-globals/-/helper-globals-7.28.0.tgz 1ms (cache hit)
824 http cache @jridgewell/resolve-uri@https://registry.npmjs.org/@jridgewell/resolve-uri/-/resolve-uri-3.1.2.tgz 0ms (cache hit)
825 http cache browserslist@https://registry.npmjs.org/browserslist/-/browserslist-4.28.1.tgz 0ms (cache hit)
826 http cache @babel/helper-module-imports@https://registry.npmjs.org/@babel/helper-module-imports/-/helper-module-imports-7.28.6.tgz 0ms (cache hit)
827 http cache lru-cache@https://registry.npmjs.org/lru-cache/-/lru-cache-5.1.1.tgz 0ms (cache hit)
828 http cache @babel/helper-plugin-utils@https://registry.npmjs.org/@babel/helper-plugin-utils/-/helper-plugin-utils-7.28.6.tgz 0ms (cache hit)
829 http cache jsesc@https://registry.npmjs.org/jsesc/-/jsesc-3.1.0.tgz 0ms (cache hit)
830 http cache @jridgewell/trace-mapping@https://registry.npmjs.org/@jridgewell/trace-mapping/-/trace-mapping-0.3.31.tgz 0ms (cache hit)
831 http cache @babel/helper-validator-option@https://registry.npmjs.org/@babel/helper-validator-option/-/helper-validator-option-7.27.1.tgz 0ms (cache hit)
832 http cache @jridgewell/gen-mapping@https://registry.npmjs.org/@jridgewell/gen-mapping/-/gen-mapping-0.3.13.tgz 0ms (cache hit)
833 http cache picocolors@https://registry.npmjs.org/picocolors/-/picocolors-1.1.1.tgz 0ms (cache hit)
834 http cache @babel/helper-validator-identifier@https://registry.npmjs.org/@babel/helper-validator-identifier/-/helper-validator-identifier-7.28.5.tgz 0ms (cache hit)
835 http cache @babel/compat-data@https://registry.npmjs.org/@babel/compat-data/-/compat-data-7.29.0.tgz 0ms (cache hit)
836 http cache js-tokens@https://registry.npmjs.org/js-tokens/-/js-tokens-4.0.0.tgz 0ms (cache hit)
837 http cache semver@https://registry.npmjs.org/semver/-/semver-6.3.1.tgz 0ms (cache hit)
838 http cache json5@https://registry.npmjs.org/json5/-/json5-2.2.3.tgz 0ms (cache hit)
839 http cache gensync@https://registry.npmjs.org/gensync/-/gensync-1.0.0-beta.2.tgz 0ms (cache hit)
840 http cache @jridgewell/remapping@https://registry.npmjs.org/@jridgewell/remapping/-/remapping-2.3.5.tgz 0ms (cache hit)
841 http cache @babel/types@https://registry.npmjs.org/@babel/types/-/types-7.29.0.tgz 0ms (cache hit)
842 http cache debug@https://registry.npmjs.org/debug/-/debug-4.4.3.tgz 0ms (cache hit)
843 http cache @babel/template@https://registry.npmjs.org/@babel/template/-/template-7.28.6.tgz 0ms (cache hit)
844 http cache @babel/parser@https://registry.npmjs.org/@babel/parser/-/parser-7.29.2.tgz 0ms (cache hit)
845 http cache @babel/traverse@https://registry.npmjs.org/@babel/traverse/-/traverse-7.29.0.tgz 0ms (cache hit)
846 http cache convert-source-map@https://registry.npmjs.org/convert-source-map/-/convert-source-map-2.0.0.tgz 0ms (cache hit)
847 http cache @babel/helpers@https://registry.npmjs.org/@babel/helpers/-/helpers-7.29.2.tgz 0ms (cache hit)
848 http cache @babel/helper-module-transforms@https://registry.npmjs.org/@babel/helper-module-transforms/-/helper-module-transforms-7.28.6.tgz 0ms (cache hit)
849 http cache react-refresh@https://registry.npmjs.org/react-refresh/-/react-refresh-0.17.0.tgz 0ms (cache hit)
850 http cache @types/babel__core@https://registry.npmjs.org/@types/babel__core/-/babel__core-7.20.5.tgz 0ms (cache hit)
851 http cache @babel/helper-compilation-targets@https://registry.npmjs.org/@babel/helper-compilation-targets/-/helper-compilation-targets-7.28.6.tgz 0ms (cache hit)
852 http cache @rolldown/pluginutils@https://registry.npmjs.org/@rolldown/pluginutils/-/pluginutils-1.0.0-beta.27.tgz 0ms (cache hit)
853 http cache @babel/generator@https://registry.npmjs.org/@babel/generator/-/generator-7.29.1.tgz 0ms (cache hit)
854 http cache react-router-dom@https://registry.npmjs.org/react-router-dom/-/react-router-dom-6.30.3.tgz 0ms (cache hit)
855 http cache @babel/code-frame@https://registry.npmjs.org/@babel/code-frame/-/code-frame-7.29.0.tgz 0ms (cache hit)
856 http cache react-dom@https://registry.npmjs.org/react-dom/-/react-dom-18.3.1.tgz 0ms (cache hit)
857 http cache axios@https://registry.npmjs.org/axios/-/axios-1.13.6.tgz 0ms (cache hit)
858 http cache @babel/plugin-transform-react-jsx-self@https://registry.npmjs.org/@babel/plugin-transform-react-jsx-self/-/plugin-transform-react-jsx-self-7.27.1.tgz 0ms (cache hit)
859 http cache @babel/plugin-transform-react-jsx-source@https://registry.npmjs.org/@babel/plugin-transform-react-jsx-source/-/plugin-transform-react-jsx-source-7.27.1.tgz 0ms (cache hit)
860 http cache vite@https://registry.npmjs.org/vite/-/vite-5.4.21.tgz 0ms (cache hit)
861 http cache @babel/core@https://registry.npmjs.org/@babel/core/-/core-7.29.0.tgz 0ms (cache hit)
862 http cache react@https://registry.npmjs.org/react/-/react-18.3.1.tgz 0ms (cache hit)
863 http cache @vitejs/plugin-react@https://registry.npmjs.org/@vitejs/plugin-react/-/plugin-react-4.7.0.tgz 0ms (cache hit)
864 http fetch POST 200 https://registry.npmjs.org/-/npm/v1/security/advisories/bulk 288ms
865 silly audit report {
865 silly audit report   esbuild: [
865 silly audit report     {
865 silly audit report       id: 1102341,
865 silly audit report       url: 'https://github.com/advisories/GHSA-67mh-4wv8-2f99',
865 silly audit report       title: 'esbuild enables any website to send any requests to the development server and read the response',
865 silly audit report       severity: 'moderate',
865 silly audit report       vulnerable_versions: '<=0.24.2',
865 silly audit report       cwe: [Array],
865 silly audit report       cvss: [Object]
865 silly audit report     }
865 silly audit report   ]
865 silly audit report }
866 silly packumentCache corgi:https://registry.npmjs.org/esbuild cache-miss
867 http fetch GET 200 https://registry.npmjs.org/esbuild 111ms (cache revalidated)
868 silly packumentCache corgi:https://registry.npmjs.org/esbuild set size:880945 disposed:false
869 silly packumentCache corgi:https://registry.npmjs.org/vite cache-miss
870 http fetch GET 200 https://registry.npmjs.org/vite 75ms (cache revalidated)
871 silly packumentCache corgi:https://registry.npmjs.org/vite set size:2205410 disposed:false
872 silly packumentCache corgi:https://registry.npmjs.org/@vitejs%2fplugin-react cache-miss
873 http fetch GET 200 https://registry.npmjs.org/@vitejs%2fplugin-react 67ms (cache revalidated)
874 silly packumentCache corgi:https://registry.npmjs.org/@vitejs%2fplugin-react set size:112470 disposed:false
875 silly ADD node_modules/@types/estree
876 silly ADD node_modules/@rollup/rollup-win32-x64-msvc
877 silly ADD node_modules/@rollup/rollup-win32-x64-gnu
878 silly ADD node_modules/source-map-js
879 silly ADD node_modules/nanoid
880 silly ADD node_modules/@esbuild/win32-x64
881 silly ADD node_modules/rollup
882 silly ADD node_modules/postcss
883 silly ADD node_modules/esbuild
884 silly ADD node_modules/escalade
885 silly ADD node_modules/react-router
886 silly ADD node_modules/@remix-run/router
887 silly ADD node_modules/scheduler
888 silly ADD node_modules/loose-envify
889 silly ADD node_modules/mime-db
890 silly ADD node_modules/yallist
891 silly ADD node_modules/dunder-proto
892 silly ADD node_modules/math-intrinsics
893 silly ADD node_modules/gopd
894 silly ADD node_modules/get-proto
895 silly ADD node_modules/function-bind
896 silly ADD node_modules/es-object-atoms
897 silly ADD node_modules/es-define-property
898 silly ADD node_modules/call-bind-apply-helpers
899 silly ADD node_modules/has-tostringtag
900 silly ADD node_modules/get-intrinsic
901 silly ADD node_modules/es-errors
902 silly ADD node_modules/delayed-stream
903 silly ADD node_modules/mime-types
904 silly ADD node_modules/hasown
905 silly ADD node_modules/es-set-tostringtag
906 silly ADD node_modules/combined-stream
907 silly ADD node_modules/asynckit
908 silly ADD node_modules/ms
909 silly ADD node_modules/update-browserslist-db
910 silly ADD node_modules/node-releases
911 silly ADD node_modules/electron-to-chromium
912 silly ADD node_modules/caniuse-lite
913 silly ADD node_modules/baseline-browser-mapping
914 silly ADD node_modules/proxy-from-env
915 silly ADD node_modules/form-data
916 silly ADD node_modules/follow-redirects
917 silly ADD node_modules/@types/babel__traverse
918 silly ADD node_modules/@types/babel__template
919 silly ADD node_modules/@types/babel__generator
920 silly ADD node_modules/@jridgewell/resolve-uri
921 silly ADD node_modules/@jridgewell/sourcemap-codec
922 silly ADD node_modules/@babel/helper-string-parser
923 silly ADD node_modules/@babel/helper-globals
924 silly ADD node_modules/@babel/helper-plugin-utils
925 silly ADD node_modules/@babel/helper-module-imports
926 silly ADD node_modules/lru-cache
927 silly ADD node_modules/browserslist
928 silly ADD node_modules/@babel/helper-validator-option
929 silly ADD node_modules/@babel/compat-data
930 silly ADD node_modules/jsesc
931 silly ADD node_modules/@jridgewell/trace-mapping
932 silly ADD node_modules/@jridgewell/gen-mapping
933 silly ADD node_modules/picocolors
934 silly ADD node_modules/js-tokens
935 silly ADD node_modules/@babel/helper-validator-identifier
936 silly ADD node_modules/semver
937 silly ADD node_modules/json5
938 silly ADD node_modules/gensync
939 silly ADD node_modules/debug
940 silly ADD node_modules/convert-source-map
941 silly ADD node_modules/@jridgewell/remapping
942 silly ADD node_modules/@babel/types
943 silly ADD node_modules/@babel/traverse
944 silly ADD node_modules/@babel/template
945 silly ADD node_modules/@babel/parser
946 silly ADD node_modules/@babel/helpers
947 silly ADD node_modules/@babel/helper-module-transforms
948 silly ADD node_modules/@babel/helper-compilation-targets
949 silly ADD node_modules/@babel/generator
950 silly ADD node_modules/@babel/code-frame
951 silly ADD node_modules/react-refresh
952 silly ADD node_modules/@types/babel__core
953 silly ADD node_modules/@rolldown/pluginutils
954 silly ADD node_modules/@babel/plugin-transform-react-jsx-source
955 silly ADD node_modules/@babel/plugin-transform-react-jsx-self
956 silly ADD node_modules/@babel/core
957 silly ADD node_modules/react-router-dom
958 silly ADD node_modules/react-dom
959 silly ADD node_modules/react
960 silly ADD node_modules/axios
961 silly ADD node_modules/vite
962 silly ADD node_modules/@vitejs/plugin-react
963 verbose cwd D:\20260304\frontend
964 verbose os Windows_NT 10.0.26200
965 verbose node v22.19.0
966 verbose npm  v11.11.0
967 verbose exit 0
968 info ok
